{"/home/travis/build/npmtest/node-npmtest-mup/test.js":{"path":"/home/travis/build/npmtest/node-npmtest-mup/test.js","s":{"1":2,"2":2,"3":2,"4":2,"5":2,"6":2,"7":2,"8":1,"9":2,"10":2,"11":1,"12":1,"13":1,"14":1,"15":2,"16":2,"17":2,"18":2,"19":1,"20":1,"21":2,"22":2,"23":2,"24":1,"25":1,"26":1,"27":1,"28":1,"29":1,"30":1,"31":1,"32":1,"33":1,"34":1,"35":1,"36":1,"37":1,"38":1,"39":2,"40":2,"41":1,"42":2,"43":2,"44":1,"45":2,"46":2,"47":1,"48":2,"49":2,"50":1,"51":1,"52":1,"53":1,"54":1},"b":{"1":[2,1,1,1],"2":[1,1,1,1],"3":[1,1],"4":[1,1],"5":[1,1],"6":[1,1],"7":[1,1],"8":[1,1],"9":[1,1],"10":[1,1,1],"11":[1,1],"12":[1,1],"13":[1,1],"14":[1,1],"15":[1,1],"16":[1,1],"17":[1,1]},"f":{"1":2,"2":2,"3":2,"4":2,"5":2,"6":1,"7":1,"8":1,"9":2,"10":2,"11":2,"12":2,"13":1},"fnMap":{"1":{"name":"(anonymous_1)","line":12,"loc":{"start":{"line":12,"column":1},"end":{"line":12,"column":13}}},"2":{"name":"(anonymous_2)","line":19,"loc":{"start":{"line":19,"column":5},"end":{"line":19,"column":17}}},"3":{"name":"(anonymous_3)","line":23,"loc":{"start":{"line":23,"column":24},"end":{"line":23,"column":36}}},"4":{"name":"(anonymous_4)","line":61,"loc":{"start":{"line":61,"column":5},"end":{"line":61,"column":17}}},"5":{"name":"(anonymous_5)","line":82,"loc":{"start":{"line":82,"column":5},"end":{"line":82,"column":17}}},"6":{"name":"(anonymous_6)","line":91,"loc":{"start":{"line":91,"column":77},"end":{"line":94,"column":10}}},"7":{"name":"(anonymous_7)","line":112,"loc":{"start":{"line":112,"column":83},"end":{"line":115,"column":10}},"skip":true},"8":{"name":"(anonymous_8)","line":123,"loc":{"start":{"line":123,"column":77},"end":{"line":126,"column":10}},"skip":true},"9":{"name":"(anonymous_9)","line":139,"loc":{"start":{"line":139,"column":12},"end":{"line":139,"column":40}},"skip":true},"10":{"name":"(anonymous_10)","line":147,"loc":{"start":{"line":147,"column":77},"end":{"line":150,"column":10}},"skip":true},"11":{"name":"(anonymous_11)","line":158,"loc":{"start":{"line":158,"column":83},"end":{"line":161,"column":10}},"skip":true},"12":{"name":"(anonymous_12)","line":169,"loc":{"start":{"line":169,"column":79},"end":{"line":172,"column":10}},"skip":true},"13":{"name":"(anonymous_13)","line":180,"loc":{"start":{"line":180,"column":75},"end":{"line":183,"column":10}},"skip":true}},"statementMap":{"1":{"start":{"line":12,"column":0},"end":{"line":195,"column":5}},"2":{"start":{"line":14,"column":4},"end":{"line":14,"column":14}},"3":{"start":{"line":19,"column":4},"end":{"line":56,"column":9}},"4":{"start":{"line":21,"column":8},"end":{"line":21,"column":19}},"5":{"start":{"line":23,"column":8},"end":{"line":35,"column":13}},"6":{"start":{"line":24,"column":12},"end":{"line":34,"column":13}},"7":{"start":{"line":25,"column":16},"end":{"line":28,"column":30}},"8":{"start":{"line":30,"column":16},"end":{"line":33,"column":27}},"9":{"start":{"line":37,"column":8},"end":{"line":39,"column":21}},"10":{"start":{"line":40,"column":8},"end":{"line":53,"column":9}},"11":{"start":{"line":43,"column":12},"end":{"line":46,"column":14}},"12":{"start":{"line":47,"column":12},"end":{"line":47,"column":18}},"13":{"start":{"line":50,"column":12},"end":{"line":51,"column":33}},"14":{"start":{"line":52,"column":12},"end":{"line":52,"column":18}},"15":{"start":{"line":55,"column":8},"end":{"line":55,"column":35}},"16":{"start":{"line":61,"column":4},"end":{"line":63,"column":9}},"17":{"start":{"line":62,"column":8},"end":{"line":62,"column":15}},"18":{"start":{"line":64,"column":4},"end":{"line":77,"column":5}},"19":{"start":{"line":70,"column":8},"end":{"line":70,"column":14}},"20":{"start":{"line":76,"column":8},"end":{"line":76,"column":14}},"21":{"start":{"line":82,"column":4},"end":{"line":84,"column":9}},"22":{"start":{"line":83,"column":8},"end":{"line":83,"column":15}},"23":{"start":{"line":85,"column":4},"end":{"line":194,"column":5}},"24":{"start":{"line":91,"column":8},"end":{"line":99,"column":10}},"25":{"start":{"line":98,"column":12},"end":{"line":98,"column":35}},"26":{"start":{"line":102,"column":8},"end":{"line":104,"column":63}},"27":{"start":{"line":105,"column":8},"end":{"line":105,"column":14}},"28":{"start":{"line":112,"column":8},"end":{"line":121,"column":10},"skip":true},"29":{"start":{"line":119,"column":12},"end":{"line":119,"column":55},"skip":true},"30":{"start":{"line":120,"column":12},"end":{"line":120,"column":48},"skip":true},"31":{"start":{"line":123,"column":8},"end":{"line":136,"column":10},"skip":true},"32":{"start":{"line":130,"column":12},"end":{"line":130,"column":76},"skip":true},"33":{"start":{"line":131,"column":12},"end":{"line":131,"column":73},"skip":true},"34":{"start":{"line":132,"column":12},"end":{"line":132,"column":74},"skip":true},"35":{"start":{"line":133,"column":12},"end":{"line":133,"column":79},"skip":true},"36":{"start":{"line":134,"column":12},"end":{"line":134,"column":25},"skip":true},"37":{"start":{"line":135,"column":12},"end":{"line":135,"column":45},"skip":true},"38":{"start":{"line":138,"column":8},"end":{"line":145,"column":14},"skip":true},"39":{"start":{"line":143,"column":16},"end":{"line":143,"column":29},"skip":true},"40":{"start":{"line":144,"column":16},"end":{"line":144,"column":55},"skip":true},"41":{"start":{"line":147,"column":8},"end":{"line":156,"column":10},"skip":true},"42":{"start":{"line":154,"column":12},"end":{"line":154,"column":25},"skip":true},"43":{"start":{"line":155,"column":12},"end":{"line":155,"column":45},"skip":true},"44":{"start":{"line":158,"column":8},"end":{"line":167,"column":10},"skip":true},"45":{"start":{"line":165,"column":12},"end":{"line":165,"column":25},"skip":true},"46":{"start":{"line":166,"column":12},"end":{"line":166,"column":48},"skip":true},"47":{"start":{"line":169,"column":8},"end":{"line":178,"column":10},"skip":true},"48":{"start":{"line":176,"column":12},"end":{"line":176,"column":25},"skip":true},"49":{"start":{"line":177,"column":12},"end":{"line":177,"column":46},"skip":true},"50":{"start":{"line":180,"column":8},"end":{"line":189,"column":10},"skip":true},"51":{"start":{"line":187,"column":12},"end":{"line":187,"column":94},"skip":true},"52":{"start":{"line":188,"column":12},"end":{"line":188,"column":48},"skip":true},"53":{"start":{"line":192,"column":8},"end":{"line":192,"column":35},"skip":true},"54":{"start":{"line":193,"column":8},"end":{"line":193,"column":14},"skip":true}},"branchMap":{"1":{"line":25,"type":"binary-expr","locations":[{"start":{"line":25,"column":23},"end":{"line":25,"column":62}},{"start":{"line":26,"column":20},"end":{"line":26,"column":70}},{"start":{"line":27,"column":20},"end":{"line":27,"column":71}},{"start":{"line":28,"column":20},"end":{"line":28,"column":29}}]},"2":{"line":30,"type":"binary-expr","locations":[{"start":{"line":30,"column":23},"end":{"line":30,"column":37}},{"start":{"line":31,"column":20},"end":{"line":31,"column":61}},{"start":{"line":32,"column":20},"end":{"line":32,"column":70}},{"start":{"line":33,"column":20},"end":{"line":33,"column":26}}]},"3":{"line":37,"type":"cond-expr","locations":[{"start":{"line":38,"column":14},"end":{"line":38,"column":20}},{"start":{"line":39,"column":14},"end":{"line":39,"column":20}}]},"4":{"line":40,"type":"switch","locations":[{"start":{"line":42,"column":8},"end":{"line":47,"column":18}},{"start":{"line":49,"column":8},"end":{"line":52,"column":18}}]},"5":{"line":44,"type":"binary-expr","locations":[{"start":{"line":44,"column":16},"end":{"line":44,"column":44}},{"start":{"line":44,"column":48},"end":{"line":44,"column":66}}]},"6":{"line":50,"type":"binary-expr","locations":[{"start":{"line":50,"column":21},"end":{"line":50,"column":49}},{"start":{"line":50,"column":53},"end":{"line":50,"column":72}}]},"7":{"line":64,"type":"switch","locations":[{"start":{"line":69,"column":4},"end":{"line":70,"column":14}},{"start":{"line":75,"column":4},"end":{"line":76,"column":14}}]},"8":{"line":85,"type":"switch","locations":[{"start":{"line":90,"column":4},"end":{"line":105,"column":14}},{"start":{"line":111,"column":4},"end":{"line":193,"column":14},"skip":true}]},"9":{"line":91,"type":"binary-expr","locations":[{"start":{"line":91,"column":42},"end":{"line":91,"column":73}},{"start":{"line":91,"column":77},"end":{"line":99,"column":9}}]},"10":{"line":102,"type":"binary-expr","locations":[{"start":{"line":102,"column":18},"end":{"line":102,"column":32}},{"start":{"line":103,"column":12},"end":{"line":103,"column":53}},{"start":{"line":104,"column":12},"end":{"line":104,"column":61}}]},"11":{"line":112,"type":"binary-expr","locations":[{"start":{"line":112,"column":45},"end":{"line":112,"column":79},"skip":true},{"start":{"line":112,"column":83},"end":{"line":121,"column":9},"skip":true}]},"12":{"line":123,"type":"binary-expr","locations":[{"start":{"line":123,"column":42},"end":{"line":123,"column":73},"skip":true},{"start":{"line":123,"column":77},"end":{"line":136,"column":9},"skip":true}]},"13":{"line":138,"type":"binary-expr","locations":[{"start":{"line":138,"column":48},"end":{"line":138,"column":85},"skip":true},{"start":{"line":139,"column":12},"end":{"line":145,"column":13},"skip":true}]},"14":{"line":147,"type":"binary-expr","locations":[{"start":{"line":147,"column":42},"end":{"line":147,"column":73},"skip":true},{"start":{"line":147,"column":77},"end":{"line":156,"column":9},"skip":true}]},"15":{"line":158,"type":"binary-expr","locations":[{"start":{"line":158,"column":45},"end":{"line":158,"column":79},"skip":true},{"start":{"line":158,"column":83},"end":{"line":167,"column":9},"skip":true}]},"16":{"line":169,"type":"binary-expr","locations":[{"start":{"line":169,"column":43},"end":{"line":169,"column":75},"skip":true},{"start":{"line":169,"column":79},"end":{"line":178,"column":9},"skip":true}]},"17":{"line":180,"type":"binary-expr","locations":[{"start":{"line":180,"column":41},"end":{"line":180,"column":71},"skip":true},{"start":{"line":180,"column":75},"end":{"line":189,"column":9},"skip":true}]}},"code":["/* istanbul instrument in package npmtest_mup */","/*jslint","    bitwise: true,","    browser: true,","    maxerr: 8,","    maxlen: 96,","    node: true,","    nomen: true,","    regexp: true,","    stupid: true","*/","(function () {","    'use strict';","    var local;","","","","    // run shared js-env code - pre-init","    (function () {","        // init local","        local = {};","        // init modeJs","        local.modeJs = (function () {","            try {","                return typeof navigator.userAgent === 'string' &&","                    typeof document.querySelector('body') === 'object' &&","                    typeof XMLHttpRequest.prototype.open === 'function' &&","                    'browser';","            } catch (errorCaughtBrowser) {","                return module.exports &&","                    typeof process.versions.node === 'string' &&","                    typeof require('http').createServer === 'function' &&","                    'node';","            }","        }());","        // init global","        local.global = local.modeJs === 'browser'","            ? window","            : global;","        switch (local.modeJs) {","        // re-init local from window.local","        case 'browser':","            local = local.global.utility2.objectSetDefault(","                local.global.utility2_rollup || local.global.local,","                local.global.utility2","            );","            break;","        // re-init local from example.js","        case 'node':","            local = (local.global.utility2_rollup || require('utility2'))","                .requireReadme();","            break;","        }","        // export local","        local.global.local = local;","    }());","","","","    // run shared js-env code - function","    (function () {","        return;","    }());","    switch (local.modeJs) {","","","","    // run browser js-env code - function","    case 'browser':","        break;","","","","    // run node js-env code - function","    case 'node':","        break;","    }","","","","    // run shared js-env code - post-init","    (function () {","        return;","    }());","    switch (local.modeJs) {","","","","    // run browser js-env code - post-init","    case 'browser':","        local.testCase_browser_nullCase = local.testCase_browser_nullCase || function (","            options,","            onError","        ) {","        /*","         * this function will test browsers's null-case handling-behavior-behavior","         */","            onError(null, options);","        };","","        // run tests","        local.nop(local.modeTest &&","            document.querySelector('#testRunButton1') &&","            document.querySelector('#testRunButton1').click());","        break;","","","","    // run node js-env code - post-init","    /* istanbul ignore next */","    case 'node':","        local.testCase_buildApidoc_default = local.testCase_buildApidoc_default || function (","            options,","            onError","        ) {","        /*","         * this function will test buildApidoc's default handling-behavior-behavior","         */","            options = { modulePathList: module.paths };","            local.buildApidoc(options, onError);","        };","","        local.testCase_buildApp_default = local.testCase_buildApp_default || function (","            options,","            onError","        ) {","        /*","         * this function will test buildApp's default handling-behavior-behavior","         */","            local.testCase_buildReadme_default(options, local.onErrorThrow);","            local.testCase_buildLib_default(options, local.onErrorThrow);","            local.testCase_buildTest_default(options, local.onErrorThrow);","            local.testCase_buildCustomOrg_default(options, local.onErrorThrow);","            options = [];","            local.buildApp(options, onError);","        };","","        local.testCase_buildCustomOrg_default = local.testCase_buildCustomOrg_default ||","            function (options, onError) {","            /*","             * this function will test buildCustomOrg's default handling-behavior","             */","                options = {};","                local.buildCustomOrg(options, onError);","            };","","        local.testCase_buildLib_default = local.testCase_buildLib_default || function (","            options,","            onError","        ) {","        /*","         * this function will test buildLib's default handling-behavior","         */","            options = {};","            local.buildLib(options, onError);","        };","","        local.testCase_buildReadme_default = local.testCase_buildReadme_default || function (","            options,","            onError","        ) {","        /*","         * this function will test buildReadme's default handling-behavior-behavior","         */","            options = {};","            local.buildReadme(options, onError);","        };","","        local.testCase_buildTest_default = local.testCase_buildTest_default || function (","            options,","            onError","        ) {","        /*","         * this function will test buildTest's default handling-behavior","         */","            options = {};","            local.buildTest(options, onError);","        };","","        local.testCase_webpage_default = local.testCase_webpage_default || function (","            options,","            onError","        ) {","        /*","         * this function will test webpage's default handling-behavior","         */","            options = { modeCoverageMerge: true, url: local.serverLocalHost + '?modeTest=1' };","            local.browserTest(options, onError);","        };","","        // run test-server","        local.testRunServer(local);","        break;","    }","}());",""],"l":{"12":2,"14":2,"19":2,"21":2,"23":2,"24":2,"25":2,"30":1,"37":2,"40":2,"43":1,"47":1,"50":1,"52":1,"55":2,"61":2,"62":2,"64":2,"70":1,"76":1,"82":2,"83":2,"85":2,"91":1,"98":1,"102":1,"105":1,"112":1,"119":1,"120":1,"123":1,"130":1,"131":1,"132":1,"133":1,"134":1,"135":1,"138":1,"143":2,"144":2,"147":1,"154":2,"155":2,"158":1,"165":2,"166":2,"169":1,"176":2,"177":2,"180":1,"187":1,"188":1,"192":1,"193":1}},"/home/travis/build/npmtest/node-npmtest-mup/lib.npmtest_mup.js":{"path":"/home/travis/build/npmtest/node-npmtest-mup/lib.npmtest_mup.js","s":{"1":2,"2":2,"3":2,"4":2,"5":2,"6":2,"7":2,"8":1,"9":2,"10":2,"11":2,"12":2,"13":1,"14":1,"15":1,"16":1},"b":{"1":[2,1,1,1],"2":[1,1,1,1],"3":[1,1],"4":[2,2],"5":[1,1]},"f":{"1":2,"2":2,"3":2},"fnMap":{"1":{"name":"(anonymous_1)","line":12,"loc":{"start":{"line":12,"column":1},"end":{"line":12,"column":13}}},"2":{"name":"(anonymous_2)","line":19,"loc":{"start":{"line":19,"column":5},"end":{"line":19,"column":17}}},"3":{"name":"(anonymous_3)","line":23,"loc":{"start":{"line":23,"column":24},"end":{"line":23,"column":36}}}},"statementMap":{"1":{"start":{"line":12,"column":0},"end":{"line":53,"column":5}},"2":{"start":{"line":14,"column":4},"end":{"line":14,"column":14}},"3":{"start":{"line":19,"column":4},"end":{"line":52,"column":9}},"4":{"start":{"line":21,"column":8},"end":{"line":21,"column":19}},"5":{"start":{"line":23,"column":8},"end":{"line":35,"column":13}},"6":{"start":{"line":24,"column":12},"end":{"line":34,"column":13}},"7":{"start":{"line":25,"column":16},"end":{"line":28,"column":30}},"8":{"start":{"line":30,"column":16},"end":{"line":33,"column":27}},"9":{"start":{"line":37,"column":8},"end":{"line":39,"column":21}},"10":{"start":{"line":41,"column":8},"end":{"line":41,"column":54}},"11":{"start":{"line":43,"column":8},"end":{"line":43,"column":48}},"12":{"start":{"line":45,"column":8},"end":{"line":51,"column":9}},"13":{"start":{"line":46,"column":12},"end":{"line":46,"column":54}},"14":{"start":{"line":48,"column":12},"end":{"line":48,"column":35}},"15":{"start":{"line":49,"column":12},"end":{"line":49,"column":49}},"16":{"start":{"line":50,"column":12},"end":{"line":50,"column":43}}},"branchMap":{"1":{"line":25,"type":"binary-expr","locations":[{"start":{"line":25,"column":23},"end":{"line":25,"column":62}},{"start":{"line":26,"column":20},"end":{"line":26,"column":70}},{"start":{"line":27,"column":20},"end":{"line":27,"column":71}},{"start":{"line":28,"column":20},"end":{"line":28,"column":29}}]},"2":{"line":30,"type":"binary-expr","locations":[{"start":{"line":30,"column":23},"end":{"line":30,"column":37}},{"start":{"line":31,"column":20},"end":{"line":31,"column":61}},{"start":{"line":32,"column":20},"end":{"line":32,"column":70}},{"start":{"line":33,"column":20},"end":{"line":33,"column":26}}]},"3":{"line":37,"type":"cond-expr","locations":[{"start":{"line":38,"column":14},"end":{"line":38,"column":20}},{"start":{"line":39,"column":14},"end":{"line":39,"column":20}}]},"4":{"line":41,"type":"binary-expr","locations":[{"start":{"line":41,"column":16},"end":{"line":41,"column":44}},{"start":{"line":41,"column":48},"end":{"line":41,"column":53}}]},"5":{"line":45,"type":"if","locations":[{"start":{"line":45,"column":8},"end":{"line":45,"column":8}},{"start":{"line":45,"column":8},"end":{"line":45,"column":8}}]}},"code":["/* istanbul instrument in package npmtest_mup */","/*jslint","    bitwise: true,","    browser: true,","    maxerr: 8,","    maxlen: 96,","    node: true,","    nomen: true,","    regexp: true,","    stupid: true","*/","(function () {","    'use strict';","    var local;","","","","    // run shared js-env code - pre-init","    (function () {","        // init local","        local = {};","        // init modeJs","        local.modeJs = (function () {","            try {","                return typeof navigator.userAgent === 'string' &&","                    typeof document.querySelector('body') === 'object' &&","                    typeof XMLHttpRequest.prototype.open === 'function' &&","                    'browser';","            } catch (errorCaughtBrowser) {","                return module.exports &&","                    typeof process.versions.node === 'string' &&","                    typeof require('http').createServer === 'function' &&","                    'node';","            }","        }());","        // init global","        local.global = local.modeJs === 'browser'","            ? window","            : global;","        // init utility2_rollup","        local = local.global.utility2_rollup || local;","        // init lib","        local.local = local.npmtest_mup = local;","        // init exports","        if (local.modeJs === 'browser') {","            local.global.utility2_npmtest_mup = local;","        } else {","            module.exports = local;","            module.exports.__dirname = __dirname;","            module.exports.module = module;","        }","    }());","}());",""],"l":{"12":2,"14":2,"19":2,"21":2,"23":2,"24":2,"25":2,"30":1,"37":2,"41":2,"43":2,"45":2,"46":1,"48":1,"49":1,"50":1}},"/home/travis/build/npmtest/node-npmtest-mup/example.js":{"path":"/home/travis/build/npmtest/node-npmtest-mup/example.js","s":{"1":2,"2":2,"3":2,"4":2,"5":2,"6":2,"7":2,"8":1,"9":2,"10":2,"11":2,"12":2,"13":1,"14":2,"15":2,"16":2,"17":2,"18":2,"19":0,"20":2,"21":1,"22":1,"23":1,"24":1,"25":1,"26":0,"27":0,"28":1,"29":1,"30":2,"31":0,"32":0,"33":0,"34":1,"35":2,"36":2,"37":3,"38":3,"39":3,"40":3,"41":0,"42":3,"43":3,"44":3,"45":1,"46":3,"47":1,"48":1,"49":1,"50":1,"51":1,"52":1,"53":1,"54":1,"55":1,"56":1,"57":0,"58":1,"59":6,"60":6,"61":1,"62":2,"63":0,"64":2,"65":1,"66":1,"67":0,"68":0,"69":0,"70":0,"71":0,"72":0,"73":0,"74":0,"75":0,"76":0,"77":0,"78":0,"79":0,"80":0,"81":0,"82":0,"83":0},"b":{"1":[2,1,1,1],"2":[1,1,1,1],"3":[1,1],"4":[2,2],"5":[1,1],"6":[1,1],"7":[2,0],"8":[2,1,1,1,1,1],"9":[0,2,0],"10":[1,1],"11":[2,1,1],"12":[1,0],"13":[0,2],"14":[2,0,0,0,0,0,0],"15":[0,3],"16":[3,0],"17":[1,1],"18":[0,1],"19":[1,2,0,2],"20":[1,0],"21":[1,1],"22":[0,0],"23":[0,0],"24":[0,0],"25":[0,0],"26":[0,0],"27":[0,0],"28":[0,0]},"f":{"1":2,"2":2,"3":2,"4":2,"5":2,"6":2,"7":3,"8":3,"9":3,"10":1,"11":6,"12":0},"fnMap":{"1":{"name":"(anonymous_1)","line":26,"loc":{"start":{"line":26,"column":1},"end":{"line":26,"column":13}}},"2":{"name":"(anonymous_2)","line":33,"loc":{"start":{"line":33,"column":5},"end":{"line":33,"column":17}}},"3":{"name":"(anonymous_3)","line":37,"loc":{"start":{"line":37,"column":24},"end":{"line":37,"column":36}}},"4":{"name":"(anonymous_4)","line":69,"loc":{"start":{"line":69,"column":31},"end":{"line":69,"column":48}},"skip":true},"5":{"name":"(anonymous_5)","line":78,"loc":{"start":{"line":78,"column":26},"end":{"line":78,"column":45}},"skip":true},"6":{"name":"(anonymous_6)","line":123,"loc":{"start":{"line":123,"column":33},"end":{"line":123,"column":48}},"skip":true},"7":{"name":"(anonymous_7)","line":125,"loc":{"start":{"line":125,"column":27},"end":{"line":125,"column":39}},"skip":true},"8":{"name":"(anonymous_8)","line":133,"loc":{"start":{"line":133,"column":59},"end":{"line":133,"column":74}},"skip":true},"9":{"name":"(anonymous_9)","line":143,"loc":{"start":{"line":143,"column":45},"end":{"line":143,"column":62}},"skip":true},"10":{"name":"(anonymous_10)","line":144,"loc":{"start":{"line":144,"column":73},"end":{"line":144,"column":92}},"skip":true},"11":{"name":"(anonymous_11)","line":272,"loc":{"start":{"line":272,"column":51},"end":{"line":272,"column":77}},"skip":true},"12":{"name":"(anonymous_12)","line":315,"loc":{"start":{"line":315,"column":32},"end":{"line":315,"column":61}},"skip":true}},"statementMap":{"1":{"start":{"line":26,"column":0},"end":{"line":326,"column":5}},"2":{"start":{"line":28,"column":4},"end":{"line":28,"column":14}},"3":{"start":{"line":33,"column":4},"end":{"line":60,"column":9}},"4":{"start":{"line":35,"column":8},"end":{"line":35,"column":19}},"5":{"start":{"line":37,"column":8},"end":{"line":49,"column":13}},"6":{"start":{"line":38,"column":12},"end":{"line":48,"column":13}},"7":{"start":{"line":39,"column":16},"end":{"line":42,"column":30}},"8":{"start":{"line":44,"column":16},"end":{"line":47,"column":27}},"9":{"start":{"line":51,"column":8},"end":{"line":53,"column":21}},"10":{"start":{"line":55,"column":8},"end":{"line":57,"column":45}},"11":{"start":{"line":59,"column":8},"end":{"line":59,"column":35}},"12":{"start":{"line":61,"column":4},"end":{"line":325,"column":5}},"13":{"start":{"line":69,"column":8},"end":{"line":121,"column":10},"skip":true},"14":{"start":{"line":70,"column":12},"end":{"line":88,"column":13},"skip":true},"15":{"start":{"line":76,"column":16},"end":{"line":87,"column":19},"skip":true},"16":{"start":{"line":79,"column":20},"end":{"line":86,"column":21},"skip":true},"17":{"start":{"line":82,"column":24},"end":{"line":82,"column":43},"skip":true},"18":{"start":{"line":83,"column":24},"end":{"line":83,"column":30},"skip":true},"19":{"start":{"line":85,"column":24},"end":{"line":85,"column":49},"skip":true},"20":{"start":{"line":89,"column":12},"end":{"line":107,"column":13},"skip":true},"21":{"start":{"line":92,"column":16},"end":{"line":102,"column":17},"skip":true},"22":{"start":{"line":93,"column":20},"end":{"line":93,"column":86},"skip":true},"23":{"start":{"line":94,"column":20},"end":{"line":95,"column":45},"skip":true},"24":{"start":{"line":96,"column":20},"end":{"line":96,"column":42},"skip":true},"25":{"start":{"line":97,"column":20},"end":{"line":97,"column":48},"skip":true},"26":{"start":{"line":100,"column":20},"end":{"line":100,"column":85},"skip":true},"27":{"start":{"line":101,"column":20},"end":{"line":101,"column":96},"skip":true},"28":{"start":{"line":103,"column":16},"end":{"line":103,"column":22},"skip":true},"29":{"start":{"line":106,"column":16},"end":{"line":106,"column":22},"skip":true},"30":{"start":{"line":108,"column":12},"end":{"line":120,"column":13},"skip":true},"31":{"start":{"line":114,"column":16},"end":{"line":119,"column":17},"skip":true},"32":{"start":{"line":116,"column":20},"end":{"line":116,"column":78},"skip":true},"33":{"start":{"line":118,"column":20},"end":{"line":118,"column":47},"skip":true},"34":{"start":{"line":123,"column":8},"end":{"line":141,"column":11},"skip":true},"35":{"start":{"line":124,"column":12},"end":{"line":124,"column":54},"skip":true},"36":{"start":{"line":125,"column":12},"end":{"line":140,"column":14},"skip":true},"37":{"start":{"line":126,"column":16},"end":{"line":126,"column":28},"skip":true},"38":{"start":{"line":127,"column":16},"end":{"line":127,"column":69},"skip":true},"39":{"start":{"line":128,"column":16},"end":{"line":128,"column":75},"skip":true},"40":{"start":{"line":129,"column":16},"end":{"line":131,"column":17},"skip":true},"41":{"start":{"line":130,"column":20},"end":{"line":130,"column":27},"skip":true},"42":{"start":{"line":133,"column":16},"end":{"line":137,"column":36},"skip":true},"43":{"start":{"line":134,"column":20},"end":{"line":136,"column":55},"skip":true},"44":{"start":{"line":139,"column":16},"end":{"line":139,"column":57},"skip":true},"45":{"start":{"line":143,"column":8},"end":{"line":147,"column":11},"skip":true},"46":{"start":{"line":144,"column":12},"end":{"line":146,"column":15},"skip":true},"47":{"start":{"line":145,"column":16},"end":{"line":145,"column":70},"skip":true},"48":{"start":{"line":149,"column":8},"end":{"line":149,"column":31},"skip":true},"49":{"start":{"line":150,"column":8},"end":{"line":150,"column":14},"skip":true},"50":{"start":{"line":158,"column":8},"end":{"line":158,"column":31},"skip":true},"51":{"start":{"line":160,"column":8},"end":{"line":160,"column":33},"skip":true},"52":{"start":{"line":161,"column":8},"end":{"line":161,"column":37},"skip":true},"53":{"start":{"line":162,"column":8},"end":{"line":162,"column":35},"skip":true},"54":{"start":{"line":164,"column":8},"end":{"line":164,"column":50},"skip":true},"55":{"start":{"line":166,"column":8},"end":{"line":256,"column":2},"skip":true},"56":{"start":{"line":258,"column":8},"end":{"line":286,"column":9},"skip":true},"57":{"start":{"line":259,"column":12},"end":{"line":269,"column":14},"skip":true},"58":{"start":{"line":271,"column":12},"end":{"line":285,"column":19},"skip":true},"59":{"start":{"line":274,"column":20},"end":{"line":274,"column":35},"skip":true},"60":{"start":{"line":275,"column":20},"end":{"line":284,"column":21},"skip":true},"61":{"start":{"line":277,"column":24},"end":{"line":277,"column":64},"skip":true},"62":{"start":{"line":279,"column":24},"end":{"line":279,"column":40},"skip":true},"63":{"start":{"line":281,"column":24},"end":{"line":281,"column":40},"skip":true},"64":{"start":{"line":283,"column":24},"end":{"line":283,"column":39},"skip":true},"65":{"start":{"line":288,"column":8},"end":{"line":290,"column":9},"skip":true},"66":{"start":{"line":289,"column":12},"end":{"line":289,"column":18},"skip":true},"67":{"start":{"line":291,"column":8},"end":{"line":293,"column":54},"skip":true},"68":{"start":{"line":296,"column":8},"end":{"line":301,"column":37},"skip":true},"69":{"start":{"line":303,"column":8},"end":{"line":303,"column":82},"skip":true},"70":{"start":{"line":306,"column":8},"end":{"line":308,"column":9},"skip":true},"71":{"start":{"line":307,"column":12},"end":{"line":307,"column":82},"skip":true},"72":{"start":{"line":310,"column":8},"end":{"line":312,"column":9},"skip":true},"73":{"start":{"line":311,"column":12},"end":{"line":311,"column":18},"skip":true},"74":{"start":{"line":313,"column":8},"end":{"line":313,"column":54},"skip":true},"75":{"start":{"line":314,"column":8},"end":{"line":314,"column":69},"skip":true},"76":{"start":{"line":315,"column":8},"end":{"line":323,"column":36},"skip":true},"77":{"start":{"line":316,"column":12},"end":{"line":316,"column":61},"skip":true},"78":{"start":{"line":317,"column":12},"end":{"line":320,"column":13},"skip":true},"79":{"start":{"line":318,"column":16},"end":{"line":318,"column":75},"skip":true},"80":{"start":{"line":319,"column":16},"end":{"line":319,"column":23},"skip":true},"81":{"start":{"line":321,"column":12},"end":{"line":321,"column":38},"skip":true},"82":{"start":{"line":322,"column":12},"end":{"line":322,"column":27},"skip":true},"83":{"start":{"line":324,"column":8},"end":{"line":324,"column":14},"skip":true}},"branchMap":{"1":{"line":39,"type":"binary-expr","locations":[{"start":{"line":39,"column":23},"end":{"line":39,"column":62}},{"start":{"line":40,"column":20},"end":{"line":40,"column":70}},{"start":{"line":41,"column":20},"end":{"line":41,"column":71}},{"start":{"line":42,"column":20},"end":{"line":42,"column":29}}]},"2":{"line":44,"type":"binary-expr","locations":[{"start":{"line":44,"column":23},"end":{"line":44,"column":37}},{"start":{"line":45,"column":20},"end":{"line":45,"column":61}},{"start":{"line":46,"column":20},"end":{"line":46,"column":70}},{"start":{"line":47,"column":20},"end":{"line":47,"column":26}}]},"3":{"line":51,"type":"cond-expr","locations":[{"start":{"line":52,"column":14},"end":{"line":52,"column":20}},{"start":{"line":53,"column":14},"end":{"line":53,"column":20}}]},"4":{"line":55,"type":"binary-expr","locations":[{"start":{"line":55,"column":16},"end":{"line":55,"column":44}},{"start":{"line":55,"column":49},"end":{"line":57,"column":43}}]},"5":{"line":55,"type":"cond-expr","locations":[{"start":{"line":56,"column":14},"end":{"line":56,"column":47}},{"start":{"line":57,"column":14},"end":{"line":57,"column":43}}]},"6":{"line":61,"type":"switch","locations":[{"start":{"line":68,"column":4},"end":{"line":150,"column":14},"skip":true},{"start":{"line":156,"column":4},"end":{"line":324,"column":14},"skip":true}]},"7":{"line":70,"type":"if","locations":[{"start":{"line":70,"column":12},"end":{"line":70,"column":12},"skip":true},{"start":{"line":70,"column":12},"end":{"line":70,"column":12},"skip":true}]},"8":{"line":70,"type":"binary-expr","locations":[{"start":{"line":70,"column":16},"end":{"line":70,"column":22},"skip":true},{"start":{"line":70,"column":27},"end":{"line":70,"column":32},"skip":true},{"start":{"line":71,"column":20},"end":{"line":71,"column":39},"skip":true},{"start":{"line":72,"column":20},"end":{"line":72,"column":49},"skip":true},{"start":{"line":73,"column":20},"end":{"line":73,"column":58},"skip":true},{"start":{"line":74,"column":20},"end":{"line":74,"column":69},"skip":true}]},"9":{"line":79,"type":"switch","locations":[{"start":{"line":80,"column":20},"end":{"line":80,"column":33},"skip":true},{"start":{"line":81,"column":20},"end":{"line":83,"column":30},"skip":true},{"start":{"line":84,"column":20},"end":{"line":85,"column":49},"skip":true}]},"10":{"line":89,"type":"switch","locations":[{"start":{"line":90,"column":12},"end":{"line":103,"column":22},"skip":true},{"start":{"line":105,"column":12},"end":{"line":106,"column":22},"skip":true}]},"11":{"line":89,"type":"binary-expr","locations":[{"start":{"line":89,"column":20},"end":{"line":89,"column":25},"skip":true},{"start":{"line":89,"column":29},"end":{"line":89,"column":48},"skip":true},{"start":{"line":89,"column":52},"end":{"line":89,"column":74},"skip":true}]},"12":{"line":92,"type":"if","locations":[{"start":{"line":92,"column":16},"end":{"line":92,"column":16},"skip":true},{"start":{"line":92,"column":16},"end":{"line":92,"column":16},"skip":true}]},"13":{"line":108,"type":"if","locations":[{"start":{"line":108,"column":12},"end":{"line":108,"column":12},"skip":true},{"start":{"line":108,"column":12},"end":{"line":108,"column":12},"skip":true}]},"14":{"line":108,"type":"binary-expr","locations":[{"start":{"line":108,"column":16},"end":{"line":108,"column":61},"skip":true},{"start":{"line":108,"column":66},"end":{"line":108,"column":72},"skip":true},{"start":{"line":108,"column":77},"end":{"line":108,"column":82},"skip":true},{"start":{"line":109,"column":20},"end":{"line":109,"column":39},"skip":true},{"start":{"line":110,"column":20},"end":{"line":110,"column":49},"skip":true},{"start":{"line":111,"column":20},"end":{"line":111,"column":58},"skip":true},{"start":{"line":112,"column":20},"end":{"line":112,"column":68},"skip":true}]},"15":{"line":129,"type":"if","locations":[{"start":{"line":129,"column":16},"end":{"line":129,"column":16},"skip":true},{"start":{"line":129,"column":16},"end":{"line":129,"column":16},"skip":true}]},"16":{"line":134,"type":"cond-expr","locations":[{"start":{"line":135,"column":26},"end":{"line":135,"column":29},"skip":true},{"start":{"line":136,"column":26},"end":{"line":136,"column":54},"skip":true}]},"17":{"line":164,"type":"binary-expr","locations":[{"start":{"line":164,"column":27},"end":{"line":164,"column":43},"skip":true},{"start":{"line":164,"column":47},"end":{"line":164,"column":49},"skip":true}]},"18":{"line":258,"type":"if","locations":[{"start":{"line":258,"column":8},"end":{"line":258,"column":8},"skip":true},{"start":{"line":258,"column":8},"end":{"line":258,"column":8},"skip":true}]},"19":{"line":275,"type":"switch","locations":[{"start":{"line":276,"column":20},"end":{"line":277,"column":64},"skip":true},{"start":{"line":278,"column":20},"end":{"line":279,"column":40},"skip":true},{"start":{"line":280,"column":20},"end":{"line":281,"column":40},"skip":true},{"start":{"line":282,"column":20},"end":{"line":283,"column":39},"skip":true}]},"20":{"line":288,"type":"if","locations":[{"start":{"line":288,"column":8},"end":{"line":288,"column":8},"skip":true},{"start":{"line":288,"column":8},"end":{"line":288,"column":8},"skip":true}]},"21":{"line":288,"type":"binary-expr","locations":[{"start":{"line":288,"column":12},"end":{"line":288,"column":40},"skip":true},{"start":{"line":288,"column":44},"end":{"line":288,"column":67},"skip":true}]},"22":{"line":292,"type":"binary-expr","locations":[{"start":{"line":292,"column":12},"end":{"line":292,"column":50},"skip":true},{"start":{"line":293,"column":12},"end":{"line":293,"column":53},"skip":true}]},"23":{"line":297,"type":"binary-expr","locations":[{"start":{"line":297,"column":12},"end":{"line":297,"column":61},"skip":true},{"start":{"line":298,"column":12},"end":{"line":301,"column":36},"skip":true}]},"24":{"line":303,"type":"binary-expr","locations":[{"start":{"line":303,"column":43},"end":{"line":303,"column":75},"skip":true},{"start":{"line":303,"column":79},"end":{"line":303,"column":81},"skip":true}]},"25":{"line":306,"type":"if","locations":[{"start":{"line":306,"column":8},"end":{"line":306,"column":8},"skip":true},{"start":{"line":306,"column":8},"end":{"line":306,"column":8},"skip":true}]},"26":{"line":310,"type":"if","locations":[{"start":{"line":310,"column":8},"end":{"line":310,"column":8},"skip":true},{"start":{"line":310,"column":8},"end":{"line":310,"column":8},"skip":true}]},"27":{"line":313,"type":"binary-expr","locations":[{"start":{"line":313,"column":27},"end":{"line":313,"column":43},"skip":true},{"start":{"line":313,"column":47},"end":{"line":313,"column":53},"skip":true}]},"28":{"line":317,"type":"if","locations":[{"start":{"line":317,"column":12},"end":{"line":317,"column":12},"skip":true},{"start":{"line":317,"column":12},"end":{"line":317,"column":12},"skip":true}]}},"code":["/*","example.js","","quickstart example","","instruction","    1. save this script as example.js","    2. run the shell command:","        $ npm install npmtest-mup && PORT=8081 node example.js","    3. play with the browser-demo on http://127.0.0.1:8081","*/","","","","/* istanbul instrument in package npmtest_mup */","/*jslint","    bitwise: true,","    browser: true,","    maxerr: 8,","    maxlen: 96,","    node: true,","    nomen: true,","    regexp: true,","    stupid: true","*/","(function () {","    'use strict';","    var local;","","","","    // run shared js-env code - pre-init","    (function () {","        // init local","        local = {};","        // init modeJs","        local.modeJs = (function () {","            try {","                return typeof navigator.userAgent === 'string' &&","                    typeof document.querySelector('body') === 'object' &&","                    typeof XMLHttpRequest.prototype.open === 'function' &&","                    'browser';","            } catch (errorCaughtBrowser) {","                return module.exports &&","                    typeof process.versions.node === 'string' &&","                    typeof require('http').createServer === 'function' &&","                    'node';","            }","        }());","        // init global","        local.global = local.modeJs === 'browser'","            ? window","            : global;","        // init utility2_rollup","        local = local.global.utility2_rollup || (local.modeJs === 'browser'","            ? local.global.utility2_npmtest_mup","            : global.utility2_moduleExports);","        // export local","        local.global.local = local;","    }());","    switch (local.modeJs) {","","","","    // post-init","    // run browser js-env code - post-init","    /* istanbul ignore next */","    case 'browser':","        local.testRunBrowser = function (event) {","            if (!event || (event &&","                    event.currentTarget &&","                    event.currentTarget.className &&","                    event.currentTarget.className.includes &&","                    event.currentTarget.className.includes('onreset'))) {","                // reset output","                Array.from(","                    document.querySelectorAll('body > .resettable')","                ).forEach(function (element) {","                    switch (element.tagName) {","                    case 'INPUT':","                    case 'TEXTAREA':","                        element.value = '';","                        break;","                    default:","                        element.textContent = '';","                    }","                });","            }","            switch (event && event.currentTarget && event.currentTarget.id) {","            case 'testRunButton1':","                // show tests","                if (document.querySelector('#testReportDiv1').style.display === 'none') {","                    document.querySelector('#testReportDiv1').style.display = 'block';","                    document.querySelector('#testRunButton1').textContent =","                        'hide internal test';","                    local.modeTest = true;","                    local.testRunDefault(local);","                // hide tests","                } else {","                    document.querySelector('#testReportDiv1').style.display = 'none';","                    document.querySelector('#testRunButton1').textContent = 'run internal test';","                }","                break;","            // custom-case","            default:","                break;","            }","            if (document.querySelector('#inputTextareaEval1') && (!event || (event &&","                    event.currentTarget &&","                    event.currentTarget.className &&","                    event.currentTarget.className.includes &&","                    event.currentTarget.className.includes('oneval')))) {","                // try to eval input-code","                try {","                    /*jslint evil: true*/","                    eval(document.querySelector('#inputTextareaEval1').value);","                } catch (errorCaught) {","                    console.error(errorCaught);","                }","            }","        };","        // log stderr and stdout to #outputTextareaStdout1","        ['error', 'log'].forEach(function (key) {","            console[key + '_original'] = console[key];","            console[key] = function () {","                var element;","                console[key + '_original'].apply(console, arguments);","                element = document.querySelector('#outputTextareaStdout1');","                if (!element) {","                    return;","                }","                // append text to #outputTextareaStdout1","                element.value += Array.from(arguments).map(function (arg) {","                    return typeof arg === 'string'","                        ? arg","                        : JSON.stringify(arg, null, 4);","                }).join(' ') + '\\n';","                // scroll textarea to bottom","                element.scrollTop = element.scrollHeight;","            };","        });","        // init event-handling","        ['change', 'click', 'keyup'].forEach(function (event) {","            Array.from(document.querySelectorAll('.on' + event)).forEach(function (element) {","                element.addEventListener(event, local.testRunBrowser);","            });","        });","        // run tests","        local.testRunBrowser();","        break;","","","","    // run node js-env code - post-init","    /* istanbul ignore next */","    case 'node':","        // export local","        module.exports = local;","        // require modules","        local.fs = require('fs');","        local.http = require('http');","        local.url = require('url');","        // init assets","        local.assetsDict = local.assetsDict || {};","        /* jslint-ignore-begin */","        local.assetsDict['/assets.index.template.html'] = '\\","<!doctype html>\\n\\","<html lang=\"en\">\\n\\","<head>\\n\\","<meta charset=\"UTF-8\">\\n\\","<meta name=\"viewport\" content=\"width=device-width, initial-scale=1\">\\n\\","<title>{{env.npm_package_name}} (v{{env.npm_package_version}})</title>\\n\\","<style>\\n\\","/*csslint\\n\\","    box-sizing: false,\\n\\","    universal-selector: false\\n\\","*/\\n\\","* {\\n\\","    box-sizing: border-box;\\n\\","}\\n\\","body {\\n\\","    background: #dde;\\n\\","    font-family: Arial, Helvetica, sans-serif;\\n\\","    margin: 2rem;\\n\\","}\\n\\","body > * {\\n\\","    margin-bottom: 1rem;\\n\\","}\\n\\",".utility2FooterDiv {\\n\\","    margin-top: 20px;\\n\\","    text-align: center;\\n\\","}\\n\\","</style>\\n\\","<style>\\n\\","/*csslint\\n\\","*/\\n\\","textarea {\\n\\","    font-family: monospace;\\n\\","    height: 10rem;\\n\\","    width: 100%;\\n\\","}\\n\\","textarea[readonly] {\\n\\","    background: #ddd;\\n\\","}\\n\\","</style>\\n\\","</head>\\n\\","<body>\\n\\","<!-- utility2-comment\\n\\","<div id=\"ajaxProgressDiv1\" style=\"background: #d00; height: 2px; left: 0; margin: 0; padding: 0; position: fixed; top: 0; transition: background 0.5s, width 1.5s; width: 25%;\"></div>\\n\\","utility2-comment -->\\n\\","<h1>\\n\\","<!-- utility2-comment\\n\\","    <a\\n\\","        {{#if env.npm_package_homepage}}\\n\\","        href=\"{{env.npm_package_homepage}}\"\\n\\","        {{/if env.npm_package_homepage}}\\n\\","        target=\"_blank\"\\n\\","    >\\n\\","utility2-comment -->\\n\\","        {{env.npm_package_name}} (v{{env.npm_package_version}})\\n\\","<!-- utility2-comment\\n\\","    </a>\\n\\","utility2-comment -->\\n\\","</h1>\\n\\","<h3>{{env.npm_package_description}}</h3>\\n\\","<!-- utility2-comment\\n\\","<h4><a download href=\"assets.app.js\">download standalone app</a></h4>\\n\\","<button class=\"onclick onreset\" id=\"testRunButton1\">run internal test</button><br>\\n\\","<div id=\"testReportDiv1\" style=\"display: none;\"></div>\\n\\","utility2-comment -->\\n\\","\\n\\","\\n\\","\\n\\","<label>stderr and stdout</label>\\n\\","<textarea class=\"resettable\" id=\"outputTextareaStdout1\" readonly></textarea>\\n\\","<!-- utility2-comment\\n\\","{{#if isRollup}}\\n\\","<script src=\"assets.app.js\"></script>\\n\\","{{#unless isRollup}}\\n\\","utility2-comment -->\\n\\","<script src=\"assets.utility2.rollup.js\"></script>\\n\\","<script src=\"jsonp.utility2._stateInit?callback=window.utility2._stateInit\"></script>\\n\\","<script src=\"assets.npmtest_mup.rollup.js\"></script>\\n\\","<script src=\"assets.example.js\"></script>\\n\\","<script src=\"assets.test.js\"></script>\\n\\","<!-- utility2-comment\\n\\","{{/if isRollup}}\\n\\","utility2-comment -->\\n\\","<div class=\"utility2FooterDiv\">\\n\\","    [ this app was created with\\n\\","    <a href=\"https://github.com/kaizhu256/node-utility2\" target=\"_blank\">utility2</a>\\n\\","    ]\\n\\","</div>\\n\\","</body>\\n\\","</html>\\n\\","';","        /* jslint-ignore-end */","        if (local.templateRender) {","            local.assetsDict['/'] = local.templateRender(","                local.assetsDict['/assets.index.template.html'],","                {","                    env: local.objectSetDefault(local.env, {","                        npm_package_description: 'the greatest app in the world!',","                        npm_package_name: 'my-app',","                        npm_package_nameAlias: 'my_app',","                        npm_package_version: '0.0.1'","                    })","                }","            );","        } else {","            local.assetsDict['/'] = local.assetsDict['/assets.index.template.html']","                .replace((/\\{\\{env\\.(\\w+?)\\}\\}/g), function (match0, match1) {","                    // jslint-hack","                    String(match0);","                    switch (match1) {","                    case 'npm_package_description':","                        return 'the greatest app in the world!';","                    case 'npm_package_name':","                        return 'my-app';","                    case 'npm_package_nameAlias':","                        return 'my_app';","                    case 'npm_package_version':","                        return '0.0.1';","                    }","                });","        }","        // run the cli","        if (local.global.utility2_rollup || module !== require.main) {","            break;","        }","        local.assetsDict['/assets.example.js'] =","            local.assetsDict['/assets.example.js'] ||","            local.fs.readFileSync(__filename, 'utf8');","        // bug-workaround - long $npm_package_buildCustomOrg","        /* jslint-ignore-begin */","        local.assetsDict['/assets.npmtest_mup.rollup.js'] =","            local.assetsDict['/assets.npmtest_mup.rollup.js'] ||","            local.fs.readFileSync(","                local.npmtest_mup.__dirname + '/lib.npmtest_mup.js',","                'utf8'","            ).replace((/^#!/), '//');","        /* jslint-ignore-end */","        local.assetsDict['/favicon.ico'] = local.assetsDict['/favicon.ico'] || '';","        // if $npm_config_timeout_exit exists,","        // then exit this process after $npm_config_timeout_exit ms","        if (Number(process.env.npm_config_timeout_exit)) {","            setTimeout(process.exit, Number(process.env.npm_config_timeout_exit));","        }","        // start server","        if (local.global.utility2_serverHttp1) {","            break;","        }","        process.env.PORT = process.env.PORT || '8081';","        console.error('server starting on port ' + process.env.PORT);","        local.http.createServer(function (request, response) {","            request.urlParsed = local.url.parse(request.url);","            if (local.assetsDict[request.urlParsed.pathname] !== undefined) {","                response.end(local.assetsDict[request.urlParsed.pathname]);","                return;","            }","            response.statusCode = 404;","            response.end();","        }).listen(process.env.PORT);","        break;","    }","}());",""],"l":{"26":2,"28":2,"33":2,"35":2,"37":2,"38":2,"39":2,"44":1,"51":2,"55":2,"59":2,"61":2,"69":1,"70":2,"76":2,"79":2,"82":2,"83":2,"85":1,"89":2,"92":1,"93":1,"94":1,"96":1,"97":1,"100":1,"101":1,"103":1,"106":1,"108":2,"114":1,"116":1,"118":1,"123":1,"124":2,"125":2,"126":3,"127":3,"128":3,"129":3,"130":1,"133":3,"134":3,"139":3,"143":1,"144":3,"145":1,"149":1,"150":1,"158":1,"160":1,"161":1,"162":1,"164":1,"166":1,"258":1,"259":1,"271":1,"274":6,"275":6,"277":1,"279":2,"281":1,"283":2,"288":1,"289":1,"291":1,"296":1,"303":1,"306":1,"307":1,"310":1,"311":1,"313":1,"314":1,"315":1,"316":1,"317":1,"318":1,"319":1,"321":1,"322":1,"324":1}},"/home/travis/build/npmtest/node-npmtest-mup/node_modules/mup/lib/index.js":{"path":"/home/travis/build/npmtest/node-npmtest-mup/node_modules/mup/lib/index.js","s":{"1":2,"2":2,"3":2,"4":2,"5":2,"6":1,"7":1,"8":1,"9":1,"10":1,"11":1,"12":7,"13":1,"14":1,"15":1,"16":1,"17":1,"18":1,"19":2,"20":14,"21":1,"22":1,"23":13,"24":1,"25":1,"26":1,"27":1,"28":1,"29":1,"30":1,"31":1,"32":0,"33":0,"34":0,"35":0,"36":0,"37":0,"38":0,"39":0,"40":0,"41":0,"42":0,"43":0,"44":0,"45":0,"46":0,"47":0,"48":0,"49":0,"50":0,"51":0,"52":0,"53":0,"54":0,"55":0,"56":0,"57":0,"58":0,"59":0,"60":0,"61":0,"62":0,"63":0,"64":0,"65":0,"66":0,"67":0,"68":0,"69":0,"70":0,"71":0,"72":0,"73":0,"74":0,"75":0,"76":0,"77":1,"78":0,"79":0,"80":0,"81":0,"82":1,"83":0,"84":0,"85":1,"86":0,"87":1,"88":0,"89":1},"b":{"1":[5,2],"2":[7,7],"3":[1,13],"4":[1,0],"5":[0,0],"6":[0,0],"7":[0,0],"8":[0,0],"9":[0,0],"10":[0,0],"11":[0,0],"12":[0,0],"13":[0,0],"14":[0,0],"15":[0,0],"16":[0,0],"17":[0,0],"18":[0,0],"19":[0,0],"20":[0,0],"21":[0,0]},"f":{"1":7,"2":1,"3":2,"4":14,"5":0,"6":0,"7":0,"8":0,"9":0,"10":0,"11":0},"fnMap":{"1":{"name":"_interopRequireDefault","line":23,"loc":{"start":{"line":23,"column":0},"end":{"line":23,"column":37}}},"2":{"name":"(anonymous_2)","line":29,"loc":{"start":{"line":29,"column":346},"end":{"line":29,"column":358}}},"3":{"name":"listModuleCommands","line":32,"loc":{"start":{"line":32,"column":2},"end":{"line":32,"column":40}}},"4":{"name":"(anonymous_4)","line":33,"loc":{"start":{"line":33,"column":34},"end":{"line":33,"column":53}}},"5":{"name":"argAction","line":54,"loc":{"start":{"line":54,"column":0},"end":{"line":54,"column":32}}},"6":{"name":"(anonymous_6)","line":118,"loc":{"start":{"line":118,"column":32},"end":{"line":118,"column":44}}},"7":{"name":"(anonymous_7)","line":123,"loc":{"start":{"line":123,"column":29},"end":{"line":123,"column":42}}},"8":{"name":"argIndex","line":136,"loc":{"start":{"line":136,"column":0},"end":{"line":136,"column":32}}},"9":{"name":"handleErrors","line":145,"loc":{"start":{"line":145,"column":0},"end":{"line":145,"column":25}}},"10":{"name":"setSettingsPath","line":150,"loc":{"start":{"line":150,"column":0},"end":{"line":150,"column":42}}},"11":{"name":"setConfigPath","line":154,"loc":{"start":{"line":154,"column":0},"end":{"line":154,"column":38}}}},"statementMap":{"1":{"start":{"line":3,"column":0},"end":{"line":3,"column":35}},"2":{"start":{"line":5,"column":0},"end":{"line":5,"column":47}},"3":{"start":{"line":7,"column":0},"end":{"line":7,"column":36}},"4":{"start":{"line":9,"column":0},"end":{"line":9,"column":49}},"5":{"start":{"line":11,"column":0},"end":{"line":11,"column":37}},"6":{"start":{"line":13,"column":0},"end":{"line":13,"column":49}},"7":{"start":{"line":15,"column":0},"end":{"line":15,"column":42}},"8":{"start":{"line":17,"column":0},"end":{"line":17,"column":49}},"9":{"start":{"line":19,"column":0},"end":{"line":19,"column":38}},"10":{"start":{"line":21,"column":0},"end":{"line":21,"column":53}},"11":{"start":{"line":23,"column":0},"end":{"line":23,"column":95}},"12":{"start":{"line":23,"column":39},"end":{"line":23,"column":93}},"13":{"start":{"line":25,"column":0},"end":{"line":25,"column":26}},"14":{"start":{"line":26,"column":0},"end":{"line":26,"column":24}},"15":{"start":{"line":27,"column":0},"end":{"line":27,"column":33}},"16":{"start":{"line":29,"column":0},"end":{"line":47,"column":23}},"17":{"start":{"line":30,"column":2},"end":{"line":30,"column":30}},"18":{"start":{"line":32,"column":2},"end":{"line":40,"column":3}},"19":{"start":{"line":33,"column":4},"end":{"line":39,"column":7}},"20":{"start":{"line":34,"column":6},"end":{"line":37,"column":7}},"21":{"start":{"line":35,"column":8},"end":{"line":35,"column":48}},"22":{"start":{"line":36,"column":8},"end":{"line":36,"column":15}},"23":{"start":{"line":38,"column":6},"end":{"line":38,"column":37}},"24":{"start":{"line":42,"column":2},"end":{"line":42,"column":40}},"25":{"start":{"line":44,"column":2},"end":{"line":44,"column":18}},"26":{"start":{"line":45,"column":2},"end":{"line":45,"column":51}},"27":{"start":{"line":46,"column":2},"end":{"line":46,"column":42}},"28":{"start":{"line":49,"column":0},"end":{"line":52,"column":1}},"29":{"start":{"line":50,"column":2},"end":{"line":50,"column":29}},"30":{"start":{"line":51,"column":2},"end":{"line":51,"column":18}},"31":{"start":{"line":54,"column":0},"end":{"line":134,"column":1}},"32":{"start":{"line":55,"column":2},"end":{"line":55,"column":22}},"33":{"start":{"line":56,"column":2},"end":{"line":56,"column":23}},"34":{"start":{"line":58,"column":2},"end":{"line":61,"column":3}},"35":{"start":{"line":59,"column":4},"end":{"line":59,"column":24}},"36":{"start":{"line":60,"column":4},"end":{"line":60,"column":26}},"37":{"start":{"line":63,"column":2},"end":{"line":66,"column":3}},"38":{"start":{"line":64,"column":4},"end":{"line":64,"column":31}},"39":{"start":{"line":65,"column":4},"end":{"line":65,"column":19}},"40":{"start":{"line":68,"column":2},"end":{"line":68,"column":22}},"41":{"start":{"line":70,"column":2},"end":{"line":76,"column":3}},"42":{"start":{"line":71,"column":4},"end":{"line":71,"column":42}},"43":{"start":{"line":73,"column":4},"end":{"line":73,"column":49}},"44":{"start":{"line":74,"column":4},"end":{"line":74,"column":31}},"45":{"start":{"line":75,"column":4},"end":{"line":75,"column":20}},"46":{"start":{"line":78,"column":2},"end":{"line":85,"column":3}},"47":{"start":{"line":79,"column":4},"end":{"line":83,"column":5}},"48":{"start":{"line":80,"column":6},"end":{"line":80,"column":33}},"49":{"start":{"line":82,"column":6},"end":{"line":82,"column":24}},"50":{"start":{"line":84,"column":4},"end":{"line":84,"column":20}},"51":{"start":{"line":87,"column":2},"end":{"line":96,"column":3}},"52":{"start":{"line":88,"column":4},"end":{"line":88,"column":56}},"53":{"start":{"line":89,"column":4},"end":{"line":92,"column":5}},"54":{"start":{"line":90,"column":6},"end":{"line":90,"column":33}},"55":{"start":{"line":91,"column":6},"end":{"line":91,"column":22}},"56":{"start":{"line":94,"column":4},"end":{"line":94,"column":22}},"57":{"start":{"line":95,"column":4},"end":{"line":95,"column":20}},"58":{"start":{"line":98,"column":2},"end":{"line":106,"column":3}},"59":{"start":{"line":99,"column":4},"end":{"line":99,"column":53}},"60":{"start":{"line":101,"column":4},"end":{"line":105,"column":5}},"61":{"start":{"line":102,"column":6},"end":{"line":102,"column":36}},"62":{"start":{"line":104,"column":6},"end":{"line":104,"column":36}},"63":{"start":{"line":108,"column":2},"end":{"line":116,"column":3}},"64":{"start":{"line":109,"column":4},"end":{"line":109,"column":49}},"65":{"start":{"line":111,"column":4},"end":{"line":115,"column":5}},"66":{"start":{"line":112,"column":6},"end":{"line":112,"column":34}},"67":{"start":{"line":114,"column":6},"end":{"line":114,"column":34}},"68":{"start":{"line":118,"column":2},"end":{"line":133,"column":5}},"69":{"start":{"line":119,"column":4},"end":{"line":119,"column":29}},"70":{"start":{"line":120,"column":4},"end":{"line":120,"column":102}},"71":{"start":{"line":121,"column":4},"end":{"line":121,"column":48}},"72":{"start":{"line":122,"column":4},"end":{"line":132,"column":5}},"73":{"start":{"line":123,"column":6},"end":{"line":131,"column":9}},"74":{"start":{"line":124,"column":8},"end":{"line":128,"column":9}},"75":{"start":{"line":127,"column":10},"end":{"line":127,"column":17}},"76":{"start":{"line":130,"column":8},"end":{"line":130,"column":23}},"77":{"start":{"line":136,"column":0},"end":{"line":143,"column":1}},"78":{"start":{"line":137,"column":2},"end":{"line":141,"column":3}},"79":{"start":{"line":138,"column":4},"end":{"line":140,"column":5}},"80":{"start":{"line":139,"column":6},"end":{"line":139,"column":15}},"81":{"start":{"line":142,"column":2},"end":{"line":142,"column":12}},"82":{"start":{"line":145,"column":0},"end":{"line":148,"column":1}},"83":{"start":{"line":146,"column":2},"end":{"line":146,"column":33}},"84":{"start":{"line":147,"column":2},"end":{"line":147,"column":18}},"85":{"start":{"line":150,"column":0},"end":{"line":152,"column":1}},"86":{"start":{"line":151,"column":2},"end":{"line":151,"column":33}},"87":{"start":{"line":154,"column":0},"end":{"line":156,"column":1}},"88":{"start":{"line":155,"column":2},"end":{"line":155,"column":29}},"89":{"start":{"line":158,"column":0},"end":{"line":158,"column":46}}},"branchMap":{"1":{"line":23,"type":"cond-expr","locations":[{"start":{"line":23,"column":70},"end":{"line":23,"column":73}},{"start":{"line":23,"column":76},"end":{"line":23,"column":92}}]},"2":{"line":23,"type":"binary-expr","locations":[{"start":{"line":23,"column":46},"end":{"line":23,"column":49}},{"start":{"line":23,"column":53},"end":{"line":23,"column":67}}]},"3":{"line":34,"type":"if","locations":[{"start":{"line":34,"column":6},"end":{"line":34,"column":6}},{"start":{"line":34,"column":6},"end":{"line":34,"column":6}}]},"4":{"line":49,"type":"if","locations":[{"start":{"line":49,"column":0},"end":{"line":49,"column":0}},{"start":{"line":49,"column":0},"end":{"line":49,"column":0}}]},"5":{"line":58,"type":"if","locations":[{"start":{"line":58,"column":2},"end":{"line":58,"column":2}},{"start":{"line":58,"column":2},"end":{"line":58,"column":2}}]},"6":{"line":58,"type":"binary-expr","locations":[{"start":{"line":58,"column":6},"end":{"line":58,"column":14}},{"start":{"line":58,"column":18},"end":{"line":58,"column":47}}]},"7":{"line":63,"type":"if","locations":[{"start":{"line":63,"column":2},"end":{"line":63,"column":2}},{"start":{"line":63,"column":2},"end":{"line":63,"column":2}}]},"8":{"line":63,"type":"binary-expr","locations":[{"start":{"line":63,"column":6},"end":{"line":63,"column":29}},{"start":{"line":63,"column":33},"end":{"line":63,"column":51}}]},"9":{"line":70,"type":"if","locations":[{"start":{"line":70,"column":2},"end":{"line":70,"column":2}},{"start":{"line":70,"column":2},"end":{"line":70,"column":2}}]},"10":{"line":78,"type":"if","locations":[{"start":{"line":78,"column":2},"end":{"line":78,"column":2}},{"start":{"line":78,"column":2},"end":{"line":78,"column":2}}]},"11":{"line":79,"type":"if","locations":[{"start":{"line":79,"column":4},"end":{"line":79,"column":4}},{"start":{"line":79,"column":4},"end":{"line":79,"column":4}}]},"12":{"line":87,"type":"if","locations":[{"start":{"line":87,"column":2},"end":{"line":87,"column":2}},{"start":{"line":87,"column":2},"end":{"line":87,"column":2}}]},"13":{"line":89,"type":"if","locations":[{"start":{"line":89,"column":4},"end":{"line":89,"column":4}},{"start":{"line":89,"column":4},"end":{"line":89,"column":4}}]},"14":{"line":98,"type":"if","locations":[{"start":{"line":98,"column":2},"end":{"line":98,"column":2}},{"start":{"line":98,"column":2},"end":{"line":98,"column":2}}]},"15":{"line":101,"type":"if","locations":[{"start":{"line":101,"column":4},"end":{"line":101,"column":4}},{"start":{"line":101,"column":4},"end":{"line":101,"column":4}}]},"16":{"line":108,"type":"if","locations":[{"start":{"line":108,"column":2},"end":{"line":108,"column":2}},{"start":{"line":108,"column":2},"end":{"line":108,"column":2}}]},"17":{"line":111,"type":"if","locations":[{"start":{"line":111,"column":4},"end":{"line":111,"column":4}},{"start":{"line":111,"column":4},"end":{"line":111,"column":4}}]},"18":{"line":122,"type":"if","locations":[{"start":{"line":122,"column":4},"end":{"line":122,"column":4}},{"start":{"line":122,"column":4},"end":{"line":122,"column":4}}]},"19":{"line":122,"type":"binary-expr","locations":[{"start":{"line":122,"column":8},"end":{"line":122,"column":24}},{"start":{"line":122,"column":28},"end":{"line":122,"column":71}}]},"20":{"line":124,"type":"if","locations":[{"start":{"line":124,"column":8},"end":{"line":124,"column":8}},{"start":{"line":124,"column":8},"end":{"line":124,"column":8}}]},"21":{"line":138,"type":"if","locations":[{"start":{"line":138,"column":4},"end":{"line":138,"column":4}},{"start":{"line":138,"column":4},"end":{"line":138,"column":4}}]}},"code":["'use strict';","","var _mupApi = require('./mup-api');","","var _mupApi2 = _interopRequireDefault(_mupApi);","","var _updates = require('./updates');","","var _updates2 = _interopRequireDefault(_updates);","","var _modules = require('./modules/');","","var _modules2 = _interopRequireDefault(_modules);","","var _package = require('../package.json');","","var _package2 = _interopRequireDefault(_package);","","var _commander = require('commander');","","var _commander2 = _interopRequireDefault(_commander);","","function _interopRequireDefault(obj) { return obj && obj.__esModule ? obj : { default: obj }; }","","var settingsPath = void 0;","var configPath = void 0;","var args = process.argv.slice(2);","","_commander2.default.arguments('<command> [subcommand]').version(_package2.default.version).action(argAction).option('--settings <filePath>', 'Meteor settings file', setSettingsPath).option('--config <filePath>', 'mup.js config file', setConfigPath).option('--verbose', 'Print more output while building and running tasks on server').on('--help', function () {","  console.log('   Commands:');","","  function listModuleCommands(commands) {","    Object.keys(commands).forEach(function (command) {","      if (command === 'default') {","        listModuleCommands(commands['default']);","        return;","      }","      console.log('     ' + command);","    });","  }","","  listModuleCommands(_modules2.default);","","  console.log('');","  console.log('    For list of subcommands, run ');","  console.log('      mup <command> help');","}).parse(process.argv);","","if (_commander2.default.args.length === 0) {","  _commander2.default.help();","  process.exit(0);","}","","function argAction(arg, subarg) {","  var moduleArg = arg;","  var command = subarg;","","  if (!command && !_modules2.default[moduleArg]) {","    command = moduleArg;","    moduleArg = 'default';","  }","","  if (moduleArg === 'default' && command === 'help') {","    _commander2.default.help();","    process.exit();","  }","","  var module = void 0;","","  if (_modules2.default[moduleArg]) {","    module = _modules2.default[moduleArg];","  } else {","    console.error('No such module ' + moduleArg);","    _commander2.default.help();","    process.exit(1);","  }","","  if (!command) {","    if (moduleArg === 'default') {","      _commander2.default.help();","    } else {","      module.help(args);","    }","    process.exit(0);","  }","","  if (!module[command]) {","    console.error('error: unknown command %s', command);","    if (moduleArg === 'default') {","      _commander2.default.help();","      process.exit(1);","    }","","    module.help(args);","    process.exit(1);","  }","","  if (_commander2.default.settings) {","    var settingsIndex = argIndex(args, '--settings');","","    if (args[settingsIndex].indexOf('--settings=') === 0) {","      args.splice(settingsIndex, 1);","    } else {","      args.splice(settingsIndex, 2);","    }","  }","","  if (_commander2.default.config) {","    var configIndex = argIndex(args, '--config');","","    if (args[configIndex].indexOf('--config=') === 0) {","      args.splice(configIndex, 1);","    } else {","      args.splice(configIndex, 2);","    }","  }","","  (0, _updates2.default)().then(function () {","    var base = process.cwd();","    var api = new _mupApi2.default(base, args, configPath, settingsPath, _commander2.default.verbose);","    var potentialPromise = module[command](api);","    if (potentialPromise && typeof potentialPromise.then === 'function') {","      potentialPromise.catch(function (e) {","        if (e.nodemiralHistory instanceof Array) {","          // Error is from nodemiral when running a task list","          // Nodemiral already displayed the error to the user","          return;","        }","","        console.log(e);","      });","    }","  });","}","","function argIndex(list, string) {","  for (var i = 0; i < list.length; i++) {","    if (list[i].indexOf(string) === 0) {","      return i;","    }","  }","  return -1;","}","","function handleErrors(e) {","  console.log(e.name, e.message);","  process.exit(1);","}","","function setSettingsPath(settingsPathArg) {","  settingsPath = settingsPathArg;","}","","function setConfigPath(configPathArg) {","  configPath = configPathArg;","}","","process.on('uncaughtException', handleErrors);"],"l":{"3":2,"5":2,"7":2,"9":2,"11":2,"13":1,"15":1,"17":1,"19":1,"21":1,"23":7,"25":1,"26":1,"27":1,"29":1,"30":1,"32":1,"33":2,"34":14,"35":1,"36":1,"38":13,"42":1,"44":1,"45":1,"46":1,"49":1,"50":1,"51":1,"54":1,"55":0,"56":0,"58":0,"59":0,"60":0,"63":0,"64":0,"65":0,"68":0,"70":0,"71":0,"73":0,"74":0,"75":0,"78":0,"79":0,"80":0,"82":0,"84":0,"87":0,"88":0,"89":0,"90":0,"91":0,"94":0,"95":0,"98":0,"99":0,"101":0,"102":0,"104":0,"108":0,"109":0,"111":0,"112":0,"114":0,"118":0,"119":0,"120":0,"121":0,"122":0,"123":0,"124":0,"127":0,"130":0,"136":1,"137":0,"138":0,"139":0,"142":0,"145":1,"146":0,"147":0,"150":1,"151":0,"154":1,"155":0,"158":1}},"/home/travis/build/npmtest/node-npmtest-mup/node_modules/mup/lib/mup-api.js":{"path":"/home/travis/build/npmtest/node-npmtest-mup/node_modules/mup/lib/mup-api.js","s":{"1":1,"2":1,"3":1,"4":1,"5":11,"6":11,"7":11,"8":11,"9":11,"10":11,"11":1,"12":1,"13":1,"14":1,"15":0,"16":1,"17":1,"18":1,"19":1,"20":1,"21":1,"22":1,"23":1,"24":1,"25":1,"26":1,"27":1,"28":1,"29":1,"30":1,"31":6,"32":1,"33":0,"34":0,"35":1,"36":1,"37":0,"38":0,"39":0,"40":0,"41":0,"42":0,"43":0,"44":0,"45":0,"46":1,"47":0,"48":0,"49":0,"50":0,"51":0,"52":0,"53":0,"54":0,"55":0,"56":0,"57":0,"58":0,"59":0,"60":0,"61":0,"62":0,"63":0,"64":0,"65":0,"66":0,"67":0,"68":0,"69":0,"70":0,"71":0,"72":0,"73":0,"74":0,"75":0,"76":0,"77":0,"78":0,"79":0,"80":0,"81":0,"82":0,"83":0,"84":0,"85":0,"86":0,"87":0,"88":0,"89":0,"90":0,"91":0,"92":0,"93":0,"94":0,"95":0,"96":0,"97":0,"98":0,"99":0,"100":0,"101":0,"102":0,"103":0,"104":0,"105":0,"106":0,"107":0,"108":0,"109":0,"110":0,"111":0,"112":0,"113":0,"114":0,"115":0,"116":0,"117":0,"118":0,"119":0,"120":0,"121":0,"122":0,"123":0,"124":0,"125":0,"126":0,"127":0,"128":0,"129":0,"130":0,"131":0,"132":0,"133":0,"134":0,"135":0,"136":0,"137":0,"138":0,"139":0,"140":0,"141":0,"142":0,"143":0,"144":0,"145":1,"146":1},"b":{"1":[11,11],"2":[11,0],"3":[1,0],"4":[0,1],"5":[1,5],"6":[6,6],"7":[0,0],"8":[0,0],"9":[0,0],"10":[0,0],"11":[0,0],"12":[0,0],"13":[0,0],"14":[0,0],"15":[0,0],"16":[0,0],"17":[0,0],"18":[0,0],"19":[0,0],"20":[0,0],"21":[0,0],"22":[0,0],"23":[0,0],"24":[0,0],"25":[0,0],"26":[0,0],"27":[0,0],"28":[0,0],"29":[0,0],"30":[0,0],"31":[0,0],"32":[0,0]},"f":{"1":1,"2":1,"3":1,"4":6,"5":0,"6":1,"7":0,"8":0,"9":0,"10":0,"11":0,"12":0,"13":0,"14":0,"15":0,"16":0,"17":0,"18":0,"19":0,"20":0,"21":0},"fnMap":{"1":{"name":"(anonymous_1)","line":7,"loc":{"start":{"line":7,"column":19},"end":{"line":7,"column":31}}},"2":{"name":"defineProperties","line":7,"loc":{"start":{"line":7,"column":33},"end":{"line":7,"column":74}}},"3":{"name":"(anonymous_3)","line":7,"loc":{"start":{"line":7,"column":357},"end":{"line":7,"column":405}}},"4":{"name":"_interopRequireDefault","line":35,"loc":{"start":{"line":35,"column":0},"end":{"line":35,"column":37}}},"5":{"name":"_classCallCheck","line":37,"loc":{"start":{"line":37,"column":0},"end":{"line":37,"column":48}}},"6":{"name":"(anonymous_6)","line":39,"loc":{"start":{"line":39,"column":13},"end":{"line":39,"column":25}}},"7":{"name":"MupAPI","line":40,"loc":{"start":{"line":40,"column":2},"end":{"line":40,"column":65}}},"8":{"name":"getArgs","line":55,"loc":{"start":{"line":55,"column":11},"end":{"line":55,"column":30}}},"9":{"name":"optionEnabled","line":60,"loc":{"start":{"line":60,"column":11},"end":{"line":60,"column":40}}},"10":{"name":"getBasePath","line":65,"loc":{"start":{"line":65,"column":11},"end":{"line":65,"column":34}}},"11":{"name":"getVerbose","line":70,"loc":{"start":{"line":70,"column":11},"end":{"line":70,"column":33}}},"12":{"name":"validateConfig","line":75,"loc":{"start":{"line":75,"column":11},"end":{"line":75,"column":47}}},"13":{"name":"(anonymous_13)","line":86,"loc":{"start":{"line":86,"column":25},"end":{"line":86,"column":44}}},"14":{"name":"getConfig","line":98,"loc":{"start":{"line":98,"column":11},"end":{"line":98,"column":32}}},"15":{"name":"getSettings","line":124,"loc":{"start":{"line":124,"column":11},"end":{"line":124,"column":34}}},"16":{"name":"getSessions","line":155,"loc":{"start":{"line":155,"column":11},"end":{"line":155,"column":34}}},"17":{"name":"(anonymous_17)","line":159,"loc":{"start":{"line":159,"column":39},"end":{"line":159,"column":55}}},"18":{"name":"withSessions","line":165,"loc":{"start":{"line":165,"column":11},"end":{"line":165,"column":35}}},"19":{"name":"_pickSessions","line":174,"loc":{"start":{"line":174,"column":11},"end":{"line":174,"column":36}}},"20":{"name":"(anonymous_20)","line":185,"loc":{"start":{"line":185,"column":22},"end":{"line":185,"column":44}}},"21":{"name":"_loadSessions","line":206,"loc":{"start":{"line":206,"column":11},"end":{"line":206,"column":36}}}},"statementMap":{"1":{"start":{"line":3,"column":0},"end":{"line":5,"column":3}},"2":{"start":{"line":7,"column":0},"end":{"line":7,"column":564}},"3":{"start":{"line":7,"column":33},"end":{"line":7,"column":349}},"4":{"start":{"line":7,"column":76},"end":{"line":7,"column":347}},"5":{"start":{"line":7,"column":117},"end":{"line":7,"column":143}},"6":{"start":{"line":7,"column":144},"end":{"line":7,"column":199}},"7":{"start":{"line":7,"column":200},"end":{"line":7,"column":231}},"8":{"start":{"line":7,"column":232},"end":{"line":7,"column":286}},"9":{"start":{"line":7,"column":259},"end":{"line":7,"column":286}},"10":{"start":{"line":7,"column":287},"end":{"line":7,"column":345}},"11":{"start":{"line":7,"column":350},"end":{"line":7,"column":559}},"12":{"start":{"line":7,"column":407},"end":{"line":7,"column":475}},"13":{"start":{"line":7,"column":423},"end":{"line":7,"column":475}},"14":{"start":{"line":7,"column":476},"end":{"line":7,"column":536}},"15":{"start":{"line":7,"column":493},"end":{"line":7,"column":536}},"16":{"start":{"line":7,"column":537},"end":{"line":7,"column":556}},"17":{"start":{"line":9,"column":0},"end":{"line":9,"column":30}},"18":{"start":{"line":11,"column":0},"end":{"line":11,"column":45}},"19":{"start":{"line":13,"column":0},"end":{"line":13,"column":24}},"20":{"start":{"line":15,"column":0},"end":{"line":15,"column":39}},"21":{"start":{"line":17,"column":0},"end":{"line":17,"column":38}},"22":{"start":{"line":19,"column":0},"end":{"line":19,"column":53}},"23":{"start":{"line":21,"column":0},"end":{"line":21,"column":39}},"24":{"start":{"line":23,"column":0},"end":{"line":23,"column":53}},"25":{"start":{"line":25,"column":0},"end":{"line":25,"column":28}},"26":{"start":{"line":27,"column":0},"end":{"line":27,"column":43}},"27":{"start":{"line":29,"column":0},"end":{"line":29,"column":40}},"28":{"start":{"line":31,"column":0},"end":{"line":31,"column":41}},"29":{"start":{"line":33,"column":0},"end":{"line":33,"column":45}},"30":{"start":{"line":35,"column":0},"end":{"line":35,"column":95}},"31":{"start":{"line":35,"column":39},"end":{"line":35,"column":93}},"32":{"start":{"line":37,"column":0},"end":{"line":37,"column":153}},"33":{"start":{"line":37,"column":50},"end":{"line":37,"column":151}},"34":{"start":{"line":37,"column":92},"end":{"line":37,"column":149}},"35":{"start":{"line":39,"column":0},"end":{"line":258,"column":4}},"36":{"start":{"line":40,"column":2},"end":{"line":51,"column":3}},"37":{"start":{"line":41,"column":4},"end":{"line":41,"column":34}},"38":{"start":{"line":43,"column":4},"end":{"line":43,"column":21}},"39":{"start":{"line":44,"column":4},"end":{"line":44,"column":21}},"40":{"start":{"line":45,"column":4},"end":{"line":45,"column":23}},"41":{"start":{"line":46,"column":4},"end":{"line":46,"column":25}},"42":{"start":{"line":47,"column":4},"end":{"line":47,"column":25}},"43":{"start":{"line":48,"column":4},"end":{"line":48,"column":33}},"44":{"start":{"line":49,"column":4},"end":{"line":49,"column":37}},"45":{"start":{"line":50,"column":4},"end":{"line":50,"column":27}},"46":{"start":{"line":53,"column":2},"end":{"line":255,"column":6}},"47":{"start":{"line":56,"column":6},"end":{"line":56,"column":23}},"48":{"start":{"line":61,"column":6},"end":{"line":61,"column":49}},"49":{"start":{"line":66,"column":6},"end":{"line":66,"column":23}},"50":{"start":{"line":71,"column":6},"end":{"line":71,"column":26}},"51":{"start":{"line":76,"column":6},"end":{"line":76,"column":55}},"52":{"start":{"line":78,"column":6},"end":{"line":94,"column":7}},"53":{"start":{"line":79,"column":8},"end":{"line":79,"column":38}},"54":{"start":{"line":80,"column":8},"end":{"line":80,"column":53}},"55":{"start":{"line":82,"column":8},"end":{"line":82,"column":56}},"56":{"start":{"line":83,"column":8},"end":{"line":83,"column":24}},"57":{"start":{"line":84,"column":8},"end":{"line":84,"column":73}},"58":{"start":{"line":86,"column":8},"end":{"line":88,"column":11}},"59":{"start":{"line":87,"column":10},"end":{"line":87,"column":45}},"60":{"start":{"line":90,"column":8},"end":{"line":90,"column":24}},"61":{"start":{"line":91,"column":8},"end":{"line":91,"column":83}},"62":{"start":{"line":92,"column":8},"end":{"line":92,"column":78}},"63":{"start":{"line":93,"column":8},"end":{"line":93,"column":24}},"64":{"start":{"line":99,"column":6},"end":{"line":118,"column":7}},"65":{"start":{"line":100,"column":8},"end":{"line":100,"column":30}},"66":{"start":{"line":101,"column":8},"end":{"line":106,"column":9}},"67":{"start":{"line":102,"column":10},"end":{"line":102,"column":62}},"68":{"start":{"line":103,"column":10},"end":{"line":103,"column":62}},"69":{"start":{"line":105,"column":10},"end":{"line":105,"column":62}},"70":{"start":{"line":107,"column":8},"end":{"line":116,"column":9}},"71":{"start":{"line":108,"column":10},"end":{"line":108,"column":42}},"72":{"start":{"line":110,"column":10},"end":{"line":114,"column":11}},"73":{"start":{"line":111,"column":12},"end":{"line":111,"column":76}},"74":{"start":{"line":113,"column":12},"end":{"line":113,"column":29}},"75":{"start":{"line":115,"column":10},"end":{"line":115,"column":26}},"76":{"start":{"line":117,"column":8},"end":{"line":117,"column":38}},"77":{"start":{"line":120,"column":6},"end":{"line":120,"column":25}},"78":{"start":{"line":125,"column":6},"end":{"line":149,"column":7}},"79":{"start":{"line":126,"column":8},"end":{"line":126,"column":30}},"80":{"start":{"line":127,"column":8},"end":{"line":131,"column":9}},"81":{"start":{"line":128,"column":10},"end":{"line":128,"column":64}},"82":{"start":{"line":130,"column":10},"end":{"line":130,"column":69}},"83":{"start":{"line":133,"column":8},"end":{"line":141,"column":9}},"84":{"start":{"line":134,"column":10},"end":{"line":134,"column":73}},"85":{"start":{"line":136,"column":10},"end":{"line":136,"column":69}},"86":{"start":{"line":137,"column":10},"end":{"line":139,"column":11}},"87":{"start":{"line":138,"column":12},"end":{"line":138,"column":27}},"88":{"start":{"line":140,"column":10},"end":{"line":140,"column":26}},"89":{"start":{"line":142,"column":8},"end":{"line":148,"column":9}},"90":{"start":{"line":143,"column":10},"end":{"line":143,"column":66}},"91":{"start":{"line":145,"column":10},"end":{"line":145,"column":54}},"92":{"start":{"line":146,"column":10},"end":{"line":146,"column":33}},"93":{"start":{"line":147,"column":10},"end":{"line":147,"column":26}},"94":{"start":{"line":151,"column":6},"end":{"line":151,"column":27}},"95":{"start":{"line":156,"column":6},"end":{"line":156,"column":91}},"96":{"start":{"line":158,"column":6},"end":{"line":158,"column":49}},"97":{"start":{"line":159,"column":6},"end":{"line":161,"column":9}},"98":{"start":{"line":160,"column":8},"end":{"line":160,"column":30}},"99":{"start":{"line":166,"column":6},"end":{"line":166,"column":91}},"100":{"start":{"line":168,"column":6},"end":{"line":168,"column":36}},"101":{"start":{"line":169,"column":6},"end":{"line":169,"column":49}},"102":{"start":{"line":170,"column":6},"end":{"line":170,"column":17}},"103":{"start":{"line":175,"column":6},"end":{"line":175,"column":23}},"104":{"start":{"line":177,"column":6},"end":{"line":177,"column":91}},"105":{"start":{"line":179,"column":6},"end":{"line":181,"column":7}},"106":{"start":{"line":180,"column":8},"end":{"line":180,"column":29}},"107":{"start":{"line":183,"column":6},"end":{"line":183,"column":24}},"108":{"start":{"line":185,"column":6},"end":{"line":200,"column":9}},"109":{"start":{"line":186,"column":8},"end":{"line":186,"column":52}},"110":{"start":{"line":187,"column":8},"end":{"line":189,"column":9}},"111":{"start":{"line":188,"column":10},"end":{"line":188,"column":17}},"112":{"start":{"line":191,"column":8},"end":{"line":199,"column":9}},"113":{"start":{"line":192,"column":10},"end":{"line":194,"column":11}},"114":{"start":{"line":193,"column":12},"end":{"line":193,"column":21}},"115":{"start":{"line":196,"column":10},"end":{"line":198,"column":11}},"116":{"start":{"line":197,"column":12},"end":{"line":197,"column":50}},"117":{"start":{"line":202,"column":6},"end":{"line":202,"column":22}},"118":{"start":{"line":207,"column":6},"end":{"line":207,"column":36}},"119":{"start":{"line":208,"column":6},"end":{"line":208,"column":25}},"120":{"start":{"line":212,"column":6},"end":{"line":253,"column":7}},"121":{"start":{"line":213,"column":8},"end":{"line":215,"column":9}},"122":{"start":{"line":214,"column":10},"end":{"line":214,"column":19}},"123":{"start":{"line":217,"column":8},"end":{"line":217,"column":40}},"124":{"start":{"line":218,"column":8},"end":{"line":220,"column":10}},"125":{"start":{"line":221,"column":8},"end":{"line":223,"column":10}},"126":{"start":{"line":225,"column":8},"end":{"line":225,"column":49}},"127":{"start":{"line":227,"column":8},"end":{"line":229,"column":9}},"128":{"start":{"line":228,"column":10},"end":{"line":228,"column":31}},"129":{"start":{"line":231,"column":8},"end":{"line":249,"column":9}},"130":{"start":{"line":232,"column":10},"end":{"line":241,"colum
[...]
:0,"88":0,"96":0,"98":0,"99":0,"100":0,"103":0,"104":0,"105":0,"106":0,"108":0,"111":1,"112":0,"113":0,"114":0,"116":0,"117":0,"124":0,"125":0,"127":0,"128":0,"129":0,"132":0,"135":1}},"/home/travis/build/npmtest/node-npmtest-mup/node_modules/mup/lib/modules/mongo/index.js":{"path":"/home/travis/build/npmtest/node-npmtest-mup/node_modules/mup/lib/modules/mongo/index.js","s":{"1":1,"2":1,"3":1,"4":1,"5":1,"6":1,"7":1,"8":1,"9":1,"10":1,"11":1,"12":1,"13":1,"14":2,"15":1,"16":1,"17":0,"18":1,"19":0,"20":1,"21":0,"22":0,"23":0,"24":0,"25":0,"26":1,"27":0,"28":0,"29":0,"30":0,"31":0,"32":0,"33":0,"34":0,"35":0,"36":0,"37":0,"38":0,"39":0,"40":0,"41":0,"42":0,"43":0,"44":1,"45":0,"46":0,"47":0,"48":0,"49":0,"50":0,"51":0,"52":0,"53":0,"54":0,"55":0,"56":1,"57":0,"58":0,"59":0,"60":0,"61":0},"b":{"1":[0,2],"2":[2,2],"3":[0,0],"4":[0,0],"5":[0,0],"6":[0,0],"7":[0,0],"8":[0,0]},"f":{"1":2,"2":0,"3":0,"4":0,"5":0,"6":0,"7":0},"fnMap":{"1":{"name":"_interopRequireDefault","line":23,"loc":{"start":{"line":23,"column":0},"end":{"line":23,"column":37}}},"2":{"name":"dump","line":27,"loc":{"start":{"line":27,"column":0},"end":{"line":27,"column":16}}},"3":{"name":"help","line":31,"loc":{"start":{"line":31,"column":0},"end":{"line":31,"column":16}}},"4":{"name":"logs","line":35,"loc":{"start":{"line":35,"column":0},"end":{"line":35,"column":19}}},"5":{"name":"setup","line":44,"loc":{"start":{"line":44,"column":0},"end":{"line":44,"column":20}}},"6":{"name":"start","line":80,"loc":{"start":{"line":80,"column":0},"end":{"line":80,"column":20}}},"7":{"name":"stop","line":105,"loc":{"start":{"line":105,"column":0},"end":{"line":105,"column":19}}}},"statementMap":{"1":{"start":{"line":3,"column":0},"end":{"line":5,"column":3}},"2":{"start":{"line":6,"column":0},"end":{"line":6,"column":20}},"3":{"start":{"line":7,"column":0},"end":{"line":7,"column":20}},"4":{"start":{"line":8,"column":0},"end":{"line":8,"column":20}},"5":{"start":{"line":9,"column":0},"end":{"line":9,"column":22}},"6":{"start":{"line":10,"column":0},"end":{"line":10,"column":22}},"7":{"start":{"line":11,"column":0},"end":{"line":11,"column":20}},"8":{"start":{"line":13,"column":0},"end":{"line":13,"column":33}},"9":{"start":{"line":15,"column":0},"end":{"line":15,"column":30}},"10":{"start":{"line":17,"column":0},"end":{"line":17,"column":45}},"11":{"start":{"line":19,"column":0},"end":{"line":19,"column":38}},"12":{"start":{"line":21,"column":0},"end":{"line":21,"column":53}},"13":{"start":{"line":23,"column":0},"end":{"line":23,"column":95}},"14":{"start":{"line":23,"column":39},"end":{"line":23,"column":93}},"15":{"start":{"line":25,"column":0},"end":{"line":25,"column":51}},"16":{"start":{"line":27,"column":0},"end":{"line":29,"column":1}},"17":{"start":{"line":28,"column":2},"end":{"line":28,"column":32}},"18":{"start":{"line":31,"column":0},"end":{"line":33,"column":1}},"19":{"start":{"line":32,"column":2},"end":{"line":32,"column":32}},"20":{"start":{"line":35,"column":0},"end":{"line":42,"column":1}},"21":{"start":{"line":36,"column":2},"end":{"line":36,"column":32}},"22":{"start":{"line":38,"column":2},"end":{"line":38,"column":27}},"23":{"start":{"line":39,"column":2},"end":{"line":39,"column":44}},"24":{"start":{"line":40,"column":2},"end":{"line":40,"column":15}},"25":{"start":{"line":41,"column":2},"end":{"line":41,"column":62}},"26":{"start":{"line":44,"column":0},"end":{"line":78,"column":1}},"27":{"start":{"line":45,"column":2},"end":{"line":45,"column":33}},"28":{"start":{"line":47,"column":2},"end":{"line":51,"column":3}},"29":{"start":{"line":49,"column":4},"end":{"line":49,"column":82}},"30":{"start":{"line":50,"column":4},"end":{"line":50,"column":11}},"31":{"start":{"line":53,"column":2},"end":{"line":53,"column":49}},"32":{"start":{"line":54,"column":2},"end":{"line":54,"column":51}},"33":{"start":{"line":56,"column":2},"end":{"line":62,"column":3}},"34":{"start":{"line":57,"column":4},"end":{"line":57,"column":154}},"35":{"start":{"line":58,"column":4},"end":{"line":58,"column":11}},"36":{"start":{"line":59,"column":9},"end":{"line":62,"column":3}},"37":{"start":{"line":60,"column":4},"end":{"line":60,"column":117}},"38":{"start":{"line":61,"column":4},"end":{"line":61,"column":11}},"39":{"start":{"line":64,"column":2},"end":{"line":64,"column":57}},"40":{"start":{"line":66,"column":2},"end":{"line":68,"column":5}},"41":{"start":{"line":70,"column":2},"end":{"line":73,"column":5}},"42":{"start":{"line":75,"column":2},"end":{"line":75,"column":44}},"43":{"start":{"line":77,"column":2},"end":{"line":77,"column":80}},"44":{"start":{"line":80,"column":0},"end":{"line":103,"column":1}},"45":{"start":{"line":81,"column":2},"end":{"line":81,"column":33}},"46":{"start":{"line":83,"column":2},"end":{"line":83,"column":49}},"47":{"start":{"line":84,"column":2},"end":{"line":84,"column":51}},"48":{"start":{"line":85,"column":2},"end":{"line":85,"column":37}},"49":{"start":{"line":87,"column":2},"end":{"line":90,"column":3}},"50":{"start":{"line":88,"column":4},"end":{"line":88,"column":55}},"51":{"start":{"line":89,"column":4},"end":{"line":89,"column":11}},"52":{"start":{"line":92,"column":2},"end":{"line":92,"column":57}},"53":{"start":{"line":94,"column":2},"end":{"line":99,"column":5}},"54":{"start":{"line":101,"column":2},"end":{"line":101,"column":44}},"55":{"start":{"line":102,"column":2},"end":{"line":102,"column":80}},"56":{"start":{"line":105,"column":0},"end":{"line":115,"column":1}},"57":{"start":{"line":106,"column":2},"end":{"line":106,"column":32}},"58":{"start":{"line":107,"column":2},"end":{"line":107,"column":56}},"59":{"start":{"line":109,"column":2},"end":{"line":111,"column":5}},"60":{"start":{"line":113,"column":2},"end":{"line":113,"column":44}},"61":{"start":{"line":114,"column":2},"end":{"line":114,"column":80}}},"branchMap":{"1":{"line":23,"type":"cond-expr","locations":[{"start":{"line":23,"column":70},"end":{"line":23,"column":73}},{"start":{"line":23,"column":76},"end":{"line":23,"column":92}}]},"2":{"line":23,"type":"binary-expr","locations":[{"start":{"line":23,"column":46},"end":{"line":23,"column":49}},{"start":{"line":23,"column":53},"end":{"line":23,"column":67}}]},"3":{"line":47,"type":"if","locations":[{"start":{"line":47,"column":2},"end":{"line":47,"column":2}},{"start":{"line":47,"column":2},"end":{"line":47,"column":2}}]},"4":{"line":56,"type":"if","locations":[{"start":{"line":56,"column":2},"end":{"line":56,"column":2}},{"start":{"line":56,"column":2},"end":{"line":56,"column":2}}]},"5":{"line":59,"type":"if","locations":[{"start":{"line":59,"column":9},"end":{"line":59,"column":9}},{"start":{"line":59,"column":9},"end":{"line":59,"column":9}}]},"6":{"line":87,"type":"if","locations":[{"start":{"line":87,"column":2},"end":{"line":87,"column":2}},{"start":{"line":87,"column":2},"end":{"line":87,"column":2}}]},"7":{"line":87,"type":"binary-expr","locations":[{"start":{"line":87,"column":6},"end":{"line":87,"column":33}},{"start":{"line":87,"column":37},"end":{"line":87,"column":87}}]},"8":{"line":97,"type":"binary-expr","locations":[{"start":{"line":97,"column":20},"end":{"line":97,"column":34}},{"start":{"line":97,"column":38},"end":{"line":97,"column":45}}]}},"code":["'use strict';","","Object.defineProperty(exports, \"__esModule\", {","  value: true","});","exports.dump = dump;","exports.help = help;","exports.logs = logs;","exports.setup = setup;","exports.start = start;","exports.stop = stop;","","var _utils = require('../utils');","","var _debug = require('debug');","","var _debug2 = _interopRequireDefault(_debug);","","var _nodemiral = require('nodemiral');","","var _nodemiral2 = _interopRequireDefault(_nodemiral);","","function _interopRequireDefault(obj) { return obj && obj.__esModule ? obj : { default: obj }; }","","var log = (0, _debug2.default)('mup:module:mongo');","","function dump() {","  log('exec => mup mongo dump');","}","","function help() {","  log('exec => mup mongo help');","}","","function logs(api) {","  log('exec => mup mongo logs');","","  var args = api.getArgs();","  var sessions = api.getSessions(['mongo']);","  args.shift(); // remove mongo from args sent to docker","  return (0, _utils.getDockerLogs)('mongodb', sessions, args);","}","","function setup(api) {","  log('exec => mup mongo setup');","","  if (!api.getConfig().mongo) {","    // could happen when running \"mup mongo setup\"","    console.log('Not setting up built-in mongodb since there is no mongo config');","    return;","  }","","  var mongoSessions = api.getSessions(['mongo']);","  var meteorSessions = api.getSessions(['meteor']);","","  if (meteorSessions.length !== 1) {","    console.log('To use mup built-in mongodb setup, you should have only one meteor app server. To have more app servers, use an external mongodb setup');","    return;","  } else if (mongoSessions[0]._host !== meteorSessions[0]._host) {","    console.log('To use mup built-in mongodb setup, you should have both meteor app and mongodb on the same server');","    return;","  }","","  var list = _nodemiral2.default.taskList('Setup Mongo');","","  list.executeScript('Setup Environment', {","    script: (0, _utils.resolvePath)(__dirname, 'assets/mongo-setup.sh')","  });","","  list.copy('Copying mongodb.conf', {","    src: (0, _utils.resolvePath)(__dirname, 'assets/mongodb.conf'),","    dest: '/opt/mongodb/mongodb.conf'","  });","","  var sessions = api.getSessions(['mongo']);","","  return (0, _utils.runTaskList)(list, sessions, { verbose: api.getVerbose() });","}","","function start(api) {","  log('exec => mup mongo start');","","  var mongoSessions = api.getSessions(['mongo']);","  var meteorSessions = api.getSessions(['meteor']);","  var config = api.getConfig().mongo;","","  if (meteorSessions.length !== 1 || mongoSessions[0]._host !== meteorSessions[0]._host) {","    log('Skipping mongodb start. Incompatible config');","    return;","  }","","  var list = _nodemiral2.default.taskList('Start Mongo');","","  list.executeScript('Start Mongo', {","    script: (0, _utils.resolvePath)(__dirname, 'assets/mongo-start.sh'),","    vars: {","      mongoVersion: config.version || '3.4.1'","    }","  });","","  var sessions = api.getSessions(['mongo']);","  return (0, _utils.runTaskList)(list, sessions, { verbose: api.getVerbose() });","}","","function stop(api) {","  log('exec => mup mongo stop');","  var list = _nodemiral2.default.taskList('Stop Mongo');","","  list.executeScript('stop mongo', {","    script: (0, _utils.resolvePath)(__dirname, 'assets/mongo-stop.sh')","  });","","  var sessions = api.getSessions(['mongo']);","  return (0, _utils.runTaskList)(list, sessions, { verbose: api.getVerbose() });","}"],"l":{"3":1,"6":1,"7":1,"8":1,"9":1,"10":1,"11":1,"13":1,"15":1,"17":1,"19":1,"21":1,"23":2,"25":1,"27":1,"28":0,"31":1,"32":0,"35":1,"36":0,"38":0,"39":0,"40":0,"41":0,"44":1,"45":0,"47":0,"49":0,"50":0,"53":0,"54":0,"56":0,"57":0,"58":0,"59":0,"60":0,"61":0,"64":0,"66":0,"70":0,"75":0,"77":0,"80":1,"81":0,"83":0,"84":0,"85":0,"87":0,"88":0,"89":0,"92":0,"94":0,"101":0,"102":0,"105":1,"106":0,"107":0,"109":0,"113":0,"114":0}},"/home/travis/build/npmtest/node-npmtest-mup/node_modules/mup/lib/modules/proxy/index.js":{"path":"/home/travis/build/npmtest/node-npmtest-mup/node_modules/mup/lib/modules/proxy/index.js","s":{"1":1,"2":1,"3":1,"4":1,"5":1,"6":1,"7":1,"8":1,"9":1,"10":0,"11":1,"12":0},"b":{"1":[0,1],"2":[1,1]},"f":{"1":1,"2":0,"3":0},"fnMap":{"1":{"name":"_interopRequireDefault","line":13,"loc":{"start":{"line":13,"column":0},"end":{"line":13,"column":37}}},"2":{"name":"help","line":17,"loc":{"start":{"line":17,"column":0},"end":{"line":17,"column":25}}},"3":{"name":"setup","line":21,"loc":{"start":{"line":21,"column":0},"end":{"line":21,"column":26}}}},"statementMap":{"1":{"start":{"line":3,"column":0},"end":{"line":5,"column":3}},"2":{"start":{"line":6,"column":0},"end":{"line":6,"column":20}},"3":{"start":{"line":7,"column":0},"end":{"line":7,"column":22}},"4":{"start":{"line":9,"column":0},"end":{"line":9,"column":30}},"5":{"start":{"line":11,"column":0},"end":{"line":11,"column":45}},"6":{"start":{"line":13,"column":0},"end":{"line":13,"column":95}},"7":{"start":{"line":13,"column":39},"end":{"line":13,"column":93}},"8":{"start":{"line":15,"column":0},"end":{"line":15,"column":51}},"9":{"start":{"line":17,"column":0},"end":{"line":19,"column":1}},"10":{"start":{"line":18,"column":2},"end":{"line":18,"column":32}},"11":{"start":{"line":21,"column":0},"end":{"line":23,"column":1}},"12":{"start":{"line":22,"column":2},"end":{"line":22,"column":33}}},"branchMap":{"1":{"line":13,"type":"cond-expr","locations":[{"start":{"line":13,"column":70},"end":{"line":13,"column":73}},{"start":{"line":13,"column":76},"end":{"line":13,"column":92}}]},"2":{"line":13,"type":"binary-expr","locations":[{"start":{"line":13,"column":46},"end":{"line":13,"column":49}},{"start":{"line":13,"column":53},"end":{"line":13,"column":67}}]}},"code":["'use strict';","","Object.defineProperty(exports, \"__esModule\", {","  value: true","});","exports.help = help;","exports.setup = setup;","","var _debug = require('debug');","","var _debug2 = _interopRequireDefault(_debug);","","function _interopRequireDefault(obj) { return obj && obj.__esModule ? obj : { default: obj }; }","","var log = (0, _debug2.default)('mup:module:proxy');","","function help() /* api */{","  log('exec => mup proxy help');","}","","function setup() /* api */{","  log('exec => mup proxy setup');","}"],"l":{"3":1,"6":1,"7":1,"9":1,"11":1,"13":1,"15":1,"17":1,"18":0,"21":1,"22":0}},"/home/travis/build/npmtest/node-npmtest-mup/node_modules/mup/lib/custom-errors.js":{"path":"/home/travis/build/npmtest/node-npmtest-mup/node_modules/mup/lib/custom-errors.js","s":{"1":1,"2":1,"3":0,"4":0,"5":1,"6":0},"b":{"1":[0,0]},"f":{"1":0,"2":0},"fnMap":{"1":{"name":"_classCallCheck","line":7,"loc":{"start":{"line":7,"column":0},"end":{"line":7,"column":48}}},"2":{"name":"HiddenError","line":15,"loc":{"start":{"line":15,"column":40},"end":{"line":15,"column":63}}}},"statementMap":{"1":{"start":{"line":3,"column":0},"end":{"line":5,"column":3}},"2":{"start":{"line":7,"column":0},"end":{"line":7,"column":153}},"3":{"start":{"line":7,"column":50},"end":{"line":7,"column":151}},"4":{"start":{"line":7,"column":92},"end":{"line":7,"column":149}},"5":{"start":{"line":15,"column":0},"end":{"line":17,"column":2}},"6":{"start":{"line":16,"column":2},"end":{"line":16,"column":37}}},"branchMap":{"1":{"line":7,"type":"if","locations":[{"start":{"line":7,"column":50},"end":{"line":7,"column":50}},{"start":{"line":7,"column":50},"end":{"line":7,"column":50}}]}},"code":["\"use strict\";","","Object.defineProperty(exports, \"__esModule\", {","  value: true","});","","function _classCallCheck(instance, Constructor) { if (!(instance instanceof Constructor)) { throw new TypeError(\"Cannot call a class as a function\"); } }","","/**"," * Use this when a message was already shown to the user"," * and the error shouldn't be."," * @export"," * @class HiddenError"," */","var HiddenError = exports.HiddenError = function HiddenError() {","  _classCallCheck(this, HiddenError);","};"],"l":{"3":1,"7":1,"15":1,"16":0}},"/home/travis/build/npmtest/node-npmtest-mup/node_modules/mup/lib/errors.js":{"path":"/home/travis/build/npmtest/node-npmtest-mup/node_modules/mup/lib/errors.js","s":{},"b":{},"f":{},"fnMap":{},"statementMap":{},"branchMap":{},"code":["\"use strict\";"],"l":{}},"/home/travis/build/npmtest/node-npmtest-mup/node_modules/mup/lib/modules/default/commands.js":{"path":"/home/travis/build/npmtest/node-npmtest-mup/node_modules/mup/lib/modules/default/commands.js","s":{"1":1,"2":1,"3":1,"4":1,"5":1,"6":1,"7":1,"8":0,"9":0,"10":0,"11":0,"12":0,"13":0,"14":0,"15":1,"16":0,"17":0,"18":0},"b":{"1":[1,0],"2":[1,1],"3":[0,0],"4":[0,0]},"f":{"1":1,"2":0,"3":0,"4":0},"fnMap":{"1":{"name":"_interopRequireWildcard","line":12,"loc":{"start":{"line":12,"column":0},"end":{"line":12,"column":38}}},"2":{"name":"commands","line":14,"loc":{"start":{"line":14,"column":0},"end":{"line":14,"column":26}}},"3":{"name":"(anonymous_3)","line":15,"loc":{"start":{"line":15,"column":137},"end":{"line":15,"column":154}}},"4":{"name":"(anonymous_4)","line":20,"loc":{"start":{"line":20,"column":100},"end":{"line":20,"column":117}}}},"statementMap":{"1":{"start":{"line":3,"column":0},"end":{"line":5,"column":3}},"2":{"start":{"line":6,"column":0},"end":{"line":6,"column":28}},"3":{"start":{"line":8,"column":0},"end":{"line":8,"column":32}},"4":{"start":{"line":10,"column":0},"end":{"line":10,"column":55}},"5":{"start":{"line":12,"column":0},"end":{"line":12,"column":269}},"6":{"start":{"line":12,"column":40},"end":{"line":12,"column":267}},"7":{"start":{"line":12,"column":69},"end":{"line":12,"column":80}},"8":{"start":{"line":12,"column":90},"end":{"line":12,"column":106}},"9":{"start":{"line":12,"column":107},"end":{"line":12,"column":228}},"10":{"start":{"line":12,"column":126},"end":{"line":12,"column":226}},"11":{"start":{"line":12,"column":149},"end":{"line":12,"column":224}},"12":{"start":{"line":12,"column":201},"end":{"line":12,"column":224}},"13":{"start":{"line":12,"column":229},"end":{"line":12,"column":250}},"14":{"start":{"line":12,"column":251},"end":{"line":12,"column":265}},"15":{"start":{"line":14,"column":0},"end":{"line":31,"column":1}},"16":{"start":{"line":15,"column":2},"end":{"line":30,"column":446}},"17":{"start":{"line":16,"column":4},"end":{"line":19,"column":7}},"18":{"start":{"line":21,"column":4},"end":{"line":29,"column":7}}},"branchMap":{"1":{"line":12,"type":"if","locations":[{"start":{"line":12,"column":40},"end":{"line":12,"column":40}},{"start":{"line":12,"column":40},"end":{"line":12,"column":40}}]},"2":{"line":12,"type":"binary-expr","locations":[{"start":{"line":12,"column":44},"end":{"line":12,"column":47}},{"start":{"line":12,"column":51},"end":{"line":12,"column":65}}]},"3":{"line":12,"type":"if","locations":[{"start":{"line":12,"column":107},"end":{"line":12,"column":107}},{"start":{"line":12,"column":107},"end":{"line":12,"column":107}}]},"4":{"line":12,"type":"if","locations":[{"start":{"line":12,"column":149},"end":{"line":12,"column":149}},{"start":{"line":12,"column":149},"end":{"line":12,"column":149}}]}},"code":["'use strict';","","Object.defineProperty(exports, \"__esModule\", {","  value: true","});","exports.commands = commands;","","var _index = require('./index');","","var commandFunctions = _interopRequireWildcard(_index);","","function _interopRequireWildcard(obj) { if (obj && obj.__esModule) { return obj; } else { var newObj = {}; if (obj != null) { for (var key in obj) { if (Object.prototype.hasOwnProperty.call(obj, key)) newObj[key] = obj[key]; } } newObj.default = obj; return newObj; } }","","function commands(parser) {","  return parser.command('init', 'Setup files for new mup project', {}, commandFunctions.init).command('deploy', 'Deploy app to servers', function (yargs) {","    return yargs.option('cached-build', {","      description: 'Use build from previous deploy',","      boolean: true","    });","  }, commandFunctions.deploy).command('logs', \"Show app's logs. Supports options from docker logs\", function (yargs) {","    return yargs.strict(false).option('tail', {","      description: 'Number of lines to show from the end of the logs',","      number: true,","      default: 'all'","    }).option('follow', {","      description: 'Follow log output',","      alias: 'f',","      boolean: true","    });","  }, commandFunctions.logs).command('reconfig', 'Updates server env and start script to match config', {}, commandFunctions.reconfig).command('restart', 'Restart apps', {}, commandFunctions.restart).command('setup', 'Install depedencies on server, setups custom certificates and mongodb to match config', {}, commandFunctions.setup).command('start', 'Start app', {}, commandFunctions.start).command('stop', 'Stop app', {}, commandFunctions.stop);","}"],"l":{"3":1,"6":1,"8":1,"10":1,"12":1,"14":1,"15":0,"16":0,"21":0}}}